Determining if the pthread_create exist failed with the following output:
Change Dir: /home/softkoo/pcl/python-pcl/VTK-7.1.1/build/CMakeFiles/CMakeTmp

Run Build Command:"/usr/bin/make" "cmTC_d2223/fast"
/usr/bin/make -f CMakeFiles/cmTC_d2223.dir/build.make CMakeFiles/cmTC_d2223.dir/build
make[1]: Entering directory '/home/softkoo/pcl/python-pcl/VTK-7.1.1/build/CMakeFiles/CMakeTmp'
Building C object CMakeFiles/cmTC_d2223.dir/CheckSymbolExists.c.o
/usr/bin/cc    -o CMakeFiles/cmTC_d2223.dir/CheckSymbolExists.c.o   -c /home/softkoo/pcl/python-pcl/VTK-7.1.1/build/CMakeFiles/CMakeTmp/CheckSymbolExists.c
Linking C executable cmTC_d2223
/usr/bin/cmake -E cmake_link_script CMakeFiles/cmTC_d2223.dir/link.txt --verbose=1
/usr/bin/cc       -rdynamic CMakeFiles/cmTC_d2223.dir/CheckSymbolExists.c.o  -o cmTC_d2223 
CMakeFiles/cmTC_d2223.dir/CheckSymbolExists.c.o: In function `main':
CheckSymbolExists.c:(.text+0x1b): undefined reference to `pthread_create'
collect2: error: ld returned 1 exit status
CMakeFiles/cmTC_d2223.dir/build.make:97: recipe for target 'cmTC_d2223' failed
make[1]: *** [cmTC_d2223] Error 1
make[1]: Leaving directory '/home/softkoo/pcl/python-pcl/VTK-7.1.1/build/CMakeFiles/CMakeTmp'
Makefile:126: recipe for target 'cmTC_d2223/fast' failed
make: *** [cmTC_d2223/fast] Error 2

File /home/softkoo/pcl/python-pcl/VTK-7.1.1/build/CMakeFiles/CMakeTmp/CheckSymbolExists.c:
/* */
#include <pthread.h>

int main(int argc, char** argv)
{
  (void)argv;
#ifndef pthread_create
  return ((int*)(&pthread_create))[argc];
#else
  (void)argc;
  return 0;
#endif
}

Determining if the function pthread_create exists in the pthreads failed with the following output:
Change Dir: /home/softkoo/pcl/python-pcl/VTK-7.1.1/build/CMakeFiles/CMakeTmp

Run Build Command:"/usr/bin/make" "cmTC_37e4a/fast"
/usr/bin/make -f CMakeFiles/cmTC_37e4a.dir/build.make CMakeFiles/cmTC_37e4a.dir/build
make[1]: Entering directory '/home/softkoo/pcl/python-pcl/VTK-7.1.1/build/CMakeFiles/CMakeTmp'
Building C object CMakeFiles/cmTC_37e4a.dir/CheckFunctionExists.c.o
/usr/bin/cc   -DCHECK_FUNCTION_EXISTS=pthread_create   -o CMakeFiles/cmTC_37e4a.dir/CheckFunctionExists.c.o   -c /usr/share/cmake-3.10/Modules/CheckFunctionExists.c
Linking C executable cmTC_37e4a
/usr/bin/cmake -E cmake_link_script CMakeFiles/cmTC_37e4a.dir/link.txt --verbose=1
/usr/bin/cc   -DCHECK_FUNCTION_EXISTS=pthread_create    -rdynamic CMakeFiles/cmTC_37e4a.dir/CheckFunctionExists.c.o  -o cmTC_37e4a -lpthreads 
/usr/bin/ld: cannot find -lpthreads
collect2: error: ld returned 1 exit status
CMakeFiles/cmTC_37e4a.dir/build.make:97: recipe for target 'cmTC_37e4a' failed
make[1]: *** [cmTC_37e4a] Error 1
make[1]: Leaving directory '/home/softkoo/pcl/python-pcl/VTK-7.1.1/build/CMakeFiles/CMakeTmp'
Makefile:126: recipe for target 'cmTC_37e4a/fast' failed
make: *** [cmTC_37e4a/fast] Error 2


Determining if the function getsockname exists in the socket failed with the following output:
Change Dir: /home/softkoo/pcl/python-pcl/VTK-7.1.1/build/CMakeFiles/CMakeTmp

Run Build Command:"/usr/bin/make" "cmTC_95312/fast"
/usr/bin/make -f CMakeFiles/cmTC_95312.dir/build.make CMakeFiles/cmTC_95312.dir/build
make[1]: Entering directory '/home/softkoo/pcl/python-pcl/VTK-7.1.1/build/CMakeFiles/CMakeTmp'
Building C object CMakeFiles/cmTC_95312.dir/CheckFunctionExists.c.o
/usr/bin/cc   -DCHECK_FUNCTION_EXISTS=getsockname   -o CMakeFiles/cmTC_95312.dir/CheckFunctionExists.c.o   -c /usr/share/cmake-3.10/Modules/CheckFunctionExists.c
Linking C executable cmTC_95312
/usr/bin/cmake -E cmake_link_script CMakeFiles/cmTC_95312.dir/link.txt --verbose=1
/usr/bin/cc   -DCHECK_FUNCTION_EXISTS=getsockname    -rdynamic CMakeFiles/cmTC_95312.dir/CheckFunctionExists.c.o  -o cmTC_95312 -lsocket 
/usr/bin/ld: cannot find -lsocket
collect2: error: ld returned 1 exit status
CMakeFiles/cmTC_95312.dir/build.make:97: recipe for target 'cmTC_95312' failed
make[1]: *** [cmTC_95312] Error 1
make[1]: Leaving directory '/home/softkoo/pcl/python-pcl/VTK-7.1.1/build/CMakeFiles/CMakeTmp'
Makefile:126: recipe for target 'cmTC_95312/fast' failed
make: *** [cmTC_95312/fast] Error 2


Checking whether C++ compiler has '__int64' failed to compile with the following output:
Change Dir: /home/softkoo/pcl/python-pcl/VTK-7.1.1/build/Utilities/KWSys/vtksys/CMakeFiles/CMakeTmp

Run Build Command:"/usr/bin/make" "cmTC_abcaf/fast"
/usr/bin/make -f CMakeFiles/cmTC_abcaf.dir/build.make CMakeFiles/cmTC_abcaf.dir/build
make[1]: Entering directory '/home/softkoo/pcl/python-pcl/VTK-7.1.1/build/Utilities/KWSys/vtksys/CMakeFiles/CMakeTmp'
Building CXX object CMakeFiles/cmTC_abcaf.dir/kwsysPlatformTestsCXX.cxx.o
/usr/bin/c++  -DTEST_KWSYS_CXX_HAS___INT64   -o CMakeFiles/cmTC_abcaf.dir/kwsysPlatformTestsCXX.cxx.o -c /home/softkoo/pcl/python-pcl/VTK-7.1.1/Utilities/KWSys/vtksys/kwsysPlatformTestsCXX.cxx
/home/softkoo/pcl/python-pcl/VTK-7.1.1/Utilities/KWSys/vtksys/kwsysPlatformTestsCXX.cxx:27:1: error: ‘__int64’ does not name a type; did you mean ‘__amd64’?
 __int64 f(__int64 n) { return n; }
 ^~~~~~~
 __amd64
/home/softkoo/pcl/python-pcl/VTK-7.1.1/Utilities/KWSys/vtksys/kwsysPlatformTestsCXX.cxx: In function ‘int main()’:
/home/softkoo/pcl/python-pcl/VTK-7.1.1/Utilities/KWSys/vtksys/kwsysPlatformTestsCXX.cxx:30:3: error: ‘__int64’ was not declared in this scope
   __int64 n = 0;
   ^~~~~~~
/home/softkoo/pcl/python-pcl/VTK-7.1.1/Utilities/KWSys/vtksys/kwsysPlatformTestsCXX.cxx:30:3: note: suggested alternative: ‘__amd64’
   __int64 n = 0;
   ^~~~~~~
   __amd64
/home/softkoo/pcl/python-pcl/VTK-7.1.1/Utilities/KWSys/vtksys/kwsysPlatformTestsCXX.cxx:31:29: error: ‘n’ was not declared in this scope
   return static_cast<int>(f(n));
                             ^
/home/softkoo/pcl/python-pcl/VTK-7.1.1/Utilities/KWSys/vtksys/kwsysPlatformTestsCXX.cxx:31:27: error: ‘f’ was not declared in this scope
   return static_cast<int>(f(n));
                           ^
CMakeFiles/cmTC_abcaf.dir/build.make:65: recipe for target 'CMakeFiles/cmTC_abcaf.dir/kwsysPlatformTestsCXX.cxx.o' failed
make[1]: *** [CMakeFiles/cmTC_abcaf.dir/kwsysPlatformTestsCXX.cxx.o] Error 1
make[1]: Leaving directory '/home/softkoo/pcl/python-pcl/VTK-7.1.1/build/Utilities/KWSys/vtksys/CMakeFiles/CMakeTmp'
Makefile:126: recipe for target 'cmTC_abcaf/fast' failed
make: *** [cmTC_abcaf/fast] Error 2


Checking whether CXX compiler has environ in stdlib.h failed to compile with the following output:
Change Dir: /home/softkoo/pcl/python-pcl/VTK-7.1.1/build/Utilities/KWSys/vtksys/CMakeFiles/CMakeTmp

Run Build Command:"/usr/bin/make" "cmTC_157a1/fast"
/usr/bin/make -f CMakeFiles/cmTC_157a1.dir/build.make CMakeFiles/cmTC_157a1.dir/build
make[1]: Entering directory '/home/softkoo/pcl/python-pcl/VTK-7.1.1/build/Utilities/KWSys/vtksys/CMakeFiles/CMakeTmp'
Building CXX object CMakeFiles/cmTC_157a1.dir/kwsysPlatformTestsCXX.cxx.o
/usr/bin/c++  -DTEST_KWSYS_CXX_HAS_ENVIRON_IN_STDLIB_H   -o CMakeFiles/cmTC_157a1.dir/kwsysPlatformTestsCXX.cxx.o -c /home/softkoo/pcl/python-pcl/VTK-7.1.1/Utilities/KWSys/vtksys/kwsysPlatformTestsCXX.cxx
/home/softkoo/pcl/python-pcl/VTK-7.1.1/Utilities/KWSys/vtksys/kwsysPlatformTestsCXX.cxx: In function ‘int main()’:
/home/softkoo/pcl/python-pcl/VTK-7.1.1/Utilities/KWSys/vtksys/kwsysPlatformTestsCXX.cxx:189:13: error: ‘environ’ was not declared in this scope
   char* e = environ[0];
             ^~~~~~~
/home/softkoo/pcl/python-pcl/VTK-7.1.1/Utilities/KWSys/vtksys/kwsysPlatformTestsCXX.cxx:189:13: note: suggested alternative: ‘union’
   char* e = environ[0];
             ^~~~~~~
             union
CMakeFiles/cmTC_157a1.dir/build.make:65: recipe for target 'CMakeFiles/cmTC_157a1.dir/kwsysPlatformTestsCXX.cxx.o' failed
make[1]: *** [CMakeFiles/cmTC_157a1.dir/kwsysPlatformTestsCXX.cxx.o] Error 1
make[1]: Leaving directory '/home/softkoo/pcl/python-pcl/VTK-7.1.1/build/Utilities/KWSys/vtksys/CMakeFiles/CMakeTmp'
Makefile:126: recipe for target 'cmTC_157a1/fast' failed
make: *** [cmTC_157a1/fast] Error 2


Checking whether CXX compiler struct stat has st_mtimespec member failed to compile with the following output:
Change Dir: /home/softkoo/pcl/python-pcl/VTK-7.1.1/build/Utilities/KWSys/vtksys/CMakeFiles/CMakeTmp

Run Build Command:"/usr/bin/make" "cmTC_d0a66/fast"
/usr/bin/make -f CMakeFiles/cmTC_d0a66.dir/build.make CMakeFiles/cmTC_d0a66.dir/build
make[1]: Entering directory '/home/softkoo/pcl/python-pcl/VTK-7.1.1/build/Utilities/KWSys/vtksys/CMakeFiles/CMakeTmp'
Building CXX object CMakeFiles/cmTC_d0a66.dir/kwsysPlatformTestsCXX.cxx.o
/usr/bin/c++  -DTEST_KWSYS_CXX_STAT_HAS_ST_MTIMESPEC   -o CMakeFiles/cmTC_d0a66.dir/kwsysPlatformTestsCXX.cxx.o -c /home/softkoo/pcl/python-pcl/VTK-7.1.1/Utilities/KWSys/vtksys/kwsysPlatformTestsCXX.cxx
/home/softkoo/pcl/python-pcl/VTK-7.1.1/Utilities/KWSys/vtksys/kwsysPlatformTestsCXX.cxx: In function ‘int main()’:
/home/softkoo/pcl/python-pcl/VTK-7.1.1/Utilities/KWSys/vtksys/kwsysPlatformTestsCXX.cxx:55:15: error: ‘struct stat’ has no member named ‘st_mtimespec’; did you mean ‘st_mtim’?
   (void)stat1.st_mtimespec.tv_sec;
               ^~~~~~~~~~~~
               st_mtim
/home/softkoo/pcl/python-pcl/VTK-7.1.1/Utilities/KWSys/vtksys/kwsysPlatformTestsCXX.cxx:56:15: error: ‘struct stat’ has no member named ‘st_mtimespec’; did you mean ‘st_mtim’?
   (void)stat1.st_mtimespec.tv_nsec;
               ^~~~~~~~~~~~
               st_mtim
CMakeFiles/cmTC_d0a66.dir/build.make:65: recipe for target 'CMakeFiles/cmTC_d0a66.dir/kwsysPlatformTestsCXX.cxx.o' failed
make[1]: *** [CMakeFiles/cmTC_d0a66.dir/kwsysPlatformTestsCXX.cxx.o] Error 1
make[1]: Leaving directory '/home/softkoo/pcl/python-pcl/VTK-7.1.1/build/Utilities/KWSys/vtksys/CMakeFiles/CMakeTmp'
Makefile:126: recipe for target 'cmTC_d0a66/fast' failed
make: *** [cmTC_d0a66/fast] Error 2


Checking whether CXX compiler has _atoi64 failed to compile with the following output:
Change Dir: /home/softkoo/pcl/python-pcl/VTK-7.1.1/build/Utilities/KWSys/vtksys/CMakeFiles/CMakeTmp

Run Build Command:"/usr/bin/make" "cmTC_9eb51/fast"
/usr/bin/make -f CMakeFiles/cmTC_9eb51.dir/build.make CMakeFiles/cmTC_9eb51.dir/build
make[1]: Entering directory '/home/softkoo/pcl/python-pcl/VTK-7.1.1/build/Utilities/KWSys/vtksys/CMakeFiles/CMakeTmp'
Building CXX object CMakeFiles/cmTC_9eb51.dir/kwsysPlatformTestsCXX.cxx.o
/usr/bin/c++  -DTEST_KWSYS_CXX_HAS__ATOI64   -o CMakeFiles/cmTC_9eb51.dir/kwsysPlatformTestsCXX.cxx.o -c /home/softkoo/pcl/python-pcl/VTK-7.1.1/Utilities/KWSys/vtksys/kwsysPlatformTestsCXX.cxx
/home/softkoo/pcl/python-pcl/VTK-7.1.1/Utilities/KWSys/vtksys/kwsysPlatformTestsCXX.cxx: In function ‘int main()’:
/home/softkoo/pcl/python-pcl/VTK-7.1.1/Utilities/KWSys/vtksys/kwsysPlatformTestsCXX.cxx:245:27: error: ‘_atoi64’ was not declared in this scope
   return static_cast<int>(_atoi64(str));
                           ^~~~~~~
/home/softkoo/pcl/python-pcl/VTK-7.1.1/Utilities/KWSys/vtksys/kwsysPlatformTestsCXX.cxx:245:27: note: suggested alternative: ‘atoi’
   return static_cast<int>(_atoi64(str));
                           ^~~~~~~
                           atoi
CMakeFiles/cmTC_9eb51.dir/build.make:65: recipe for target 'CMakeFiles/cmTC_9eb51.dir/kwsysPlatformTestsCXX.cxx.o' failed
make[1]: *** [CMakeFiles/cmTC_9eb51.dir/kwsysPlatformTestsCXX.cxx.o] Error 1
make[1]: Leaving directory '/home/softkoo/pcl/python-pcl/VTK-7.1.1/build/Utilities/KWSys/vtksys/CMakeFiles/CMakeTmp'
Makefile:126: recipe for target 'cmTC_9eb51/fast' failed
make: *** [cmTC_9eb51/fast] Error 2


Determining if the include file io.h exists failed with the following output:
Change Dir: /home/softkoo/pcl/python-pcl/VTK-7.1.1/build/CMakeFiles/CMakeTmp

Run Build Command:"/usr/bin/make" "cmTC_624d3/fast"
/usr/bin/make -f CMakeFiles/cmTC_624d3.dir/build.make CMakeFiles/cmTC_624d3.dir/build
make[1]: Entering directory '/home/softkoo/pcl/python-pcl/VTK-7.1.1/build/CMakeFiles/CMakeTmp'
Building C object CMakeFiles/cmTC_624d3.dir/CheckIncludeFile.c.o
/usr/bin/cc   -w -w -Wall -Winline -W -Wformat-security -Wpointer-arith -Wdisabled-optimization -Wno-unknown-pragmas -Wdeclaration-after-statement -fstrict-aliasing    -o CMakeFiles/cmTC_624d3.dir/CheckIncludeFile.c.o   -c /home/softkoo/pcl/python-pcl/VTK-7.1.1/build/CMakeFiles/CMakeTmp/CheckIncludeFile.c
/home/softkoo/pcl/python-pcl/VTK-7.1.1/build/CMakeFiles/CMakeTmp/CheckIncludeFile.c:1:10: fatal error: io.h: No such file or directory
 #include <io.h>
          ^~~~~~
compilation terminated.
CMakeFiles/cmTC_624d3.dir/build.make:65: recipe for target 'CMakeFiles/cmTC_624d3.dir/CheckIncludeFile.c.o' failed
make[1]: *** [CMakeFiles/cmTC_624d3.dir/CheckIncludeFile.c.o] Error 1
make[1]: Leaving directory '/home/softkoo/pcl/python-pcl/VTK-7.1.1/build/CMakeFiles/CMakeTmp'
Makefile:126: recipe for target 'cmTC_624d3/fast' failed
make: *** [cmTC_624d3/fast] Error 2


Determining size of INT8 failed with the following output:
Change Dir: /home/softkoo/pcl/python-pcl/VTK-7.1.1/build/CMakeFiles/CMakeTmp

Run Build Command:"/usr/bin/make" "cmTC_2e733/fast"
/usr/bin/make -f CMakeFiles/cmTC_2e733.dir/build.make CMakeFiles/cmTC_2e733.dir/build
make[1]: Entering directory '/home/softkoo/pcl/python-pcl/VTK-7.1.1/build/CMakeFiles/CMakeTmp'
Building C object CMakeFiles/cmTC_2e733.dir/int8.c.o
/usr/bin/cc   -w -w -Wall -Winline -W -Wformat-security -Wpointer-arith -Wdisabled-optimization -Wno-unknown-pragmas -Wdeclaration-after-statement -fstrict-aliasing    -o CMakeFiles/cmTC_2e733.dir/int8.c.o   -c /home/softkoo/pcl/python-pcl/VTK-7.1.1/build/CMakeFiles/CheckTypeSize/int8.c
/home/softkoo/pcl/python-pcl/VTK-7.1.1/build/CMakeFiles/CheckTypeSize/int8.c:23:22: error: ‘INT8’ undeclared here (not in a function); did you mean ‘INT8_C’?
 #define SIZE (sizeof(INT8))
                      ^
/home/softkoo/pcl/python-pcl/VTK-7.1.1/build/CMakeFiles/CheckTypeSize/int8.c:25:12: note: in expansion of macro ‘SIZE’
   ('0' + ((SIZE / 10000)%10)),
            ^~~~
CMakeFiles/cmTC_2e733.dir/build.make:65: recipe for target 'CMakeFiles/cmTC_2e733.dir/int8.c.o' failed
make[1]: *** [CMakeFiles/cmTC_2e733.dir/int8.c.o] Error 1
make[1]: Leaving directory '/home/softkoo/pcl/python-pcl/VTK-7.1.1/build/CMakeFiles/CMakeTmp'
Makefile:126: recipe for target 'cmTC_2e733/fast' failed
make: *** [cmTC_2e733/fast] Error 2

/home/softkoo/pcl/python-pcl/VTK-7.1.1/build/CMakeFiles/CheckTypeSize/int8.c:
#include <sys/types.h>
#include <stdint.h>
#include <stddef.h>


#undef KEY
#if defined(__i386)
# define KEY '_','_','i','3','8','6'
#elif defined(__x86_64)
# define KEY '_','_','x','8','6','_','6','4'
#elif defined(__ppc__)
# define KEY '_','_','p','p','c','_','_'
#elif defined(__ppc64__)
# define KEY '_','_','p','p','c','6','4','_','_'
#elif defined(__aarch64__)
# define KEY '_','_','a','a','r','c','h','6','4','_','_'
#elif defined(__ARM_ARCH_7A__)
# define KEY '_','_','A','R','M','_','A','R','C','H','_','7','A','_','_'
#elif defined(__ARM_ARCH_7S__)
# define KEY '_','_','A','R','M','_','A','R','C','H','_','7','S','_','_'
#endif

#define SIZE (sizeof(INT8))
char info_size[] =  {'I', 'N', 'F', 'O', ':', 's','i','z','e','[',
  ('0' + ((SIZE / 10000)%10)),
  ('0' + ((SIZE / 1000)%10)),
  ('0' + ((SIZE / 100)%10)),
  ('0' + ((SIZE / 10)%10)),
  ('0' +  (SIZE    % 10)),
  ']',
#ifdef KEY
  ' ','k','e','y','[', KEY, ']',
#endif
  '\0'};

#ifdef __CLASSIC_C__
int main(argc, argv) int argc; char *argv[];
#else
int main(int argc, char *argv[])
#endif
{
  int require = 0;
  require += info_size[argc];
  (void)argv;
  return require;
}


Determining size of INT16 failed with the following output:
Change Dir: /home/softkoo/pcl/python-pcl/VTK-7.1.1/build/CMakeFiles/CMakeTmp

Run Build Command:"/usr/bin/make" "cmTC_54d97/fast"
/usr/bin/make -f CMakeFiles/cmTC_54d97.dir/build.make CMakeFiles/cmTC_54d97.dir/build
make[1]: Entering directory '/home/softkoo/pcl/python-pcl/VTK-7.1.1/build/CMakeFiles/CMakeTmp'
Building C object CMakeFiles/cmTC_54d97.dir/int16.c.o
/usr/bin/cc   -w -w -Wall -Winline -W -Wformat-security -Wpointer-arith -Wdisabled-optimization -Wno-unknown-pragmas -Wdeclaration-after-statement -fstrict-aliasing    -o CMakeFiles/cmTC_54d97.dir/int16.c.o   -c /home/softkoo/pcl/python-pcl/VTK-7.1.1/build/CMakeFiles/CheckTypeSize/int16.c
/home/softkoo/pcl/python-pcl/VTK-7.1.1/build/CMakeFiles/CheckTypeSize/int16.c:23:22: error: ‘INT16’ undeclared here (not in a function); did you mean ‘INT16_C’?
 #define SIZE (sizeof(INT16))
                      ^
/home/softkoo/pcl/python-pcl/VTK-7.1.1/build/CMakeFiles/CheckTypeSize/int16.c:25:12: note: in expansion of macro ‘SIZE’
   ('0' + ((SIZE / 10000)%10)),
            ^~~~
CMakeFiles/cmTC_54d97.dir/build.make:65: recipe for target 'CMakeFiles/cmTC_54d97.dir/int16.c.o' failed
make[1]: *** [CMakeFiles/cmTC_54d97.dir/int16.c.o] Error 1
make[1]: Leaving directory '/home/softkoo/pcl/python-pcl/VTK-7.1.1/build/CMakeFiles/CMakeTmp'
Makefile:126: recipe for target 'cmTC_54d97/fast' failed
make: *** [cmTC_54d97/fast] Error 2

/home/softkoo/pcl/python-pcl/VTK-7.1.1/build/CMakeFiles/CheckTypeSize/int16.c:
#include <sys/types.h>
#include <stdint.h>
#include <stddef.h>


#undef KEY
#if defined(__i386)
# define KEY '_','_','i','3','8','6'
#elif defined(__x86_64)
# define KEY '_','_','x','8','6','_','6','4'
#elif defined(__ppc__)
# define KEY '_','_','p','p','c','_','_'
#elif defined(__ppc64__)
# define KEY '_','_','p','p','c','6','4','_','_'
#elif defined(__aarch64__)
# define KEY '_','_','a','a','r','c','h','6','4','_','_'
#elif defined(__ARM_ARCH_7A__)
# define KEY '_','_','A','R','M','_','A','R','C','H','_','7','A','_','_'
#elif defined(__ARM_ARCH_7S__)
# define KEY '_','_','A','R','M','_','A','R','C','H','_','7','S','_','_'
#endif

#define SIZE (sizeof(INT16))
char info_size[] =  {'I', 'N', 'F', 'O', ':', 's','i','z','e','[',
  ('0' + ((SIZE / 10000)%10)),
  ('0' + ((SIZE / 1000)%10)),
  ('0' + ((SIZE / 100)%10)),
  ('0' + ((SIZE / 10)%10)),
  ('0' +  (SIZE    % 10)),
  ']',
#ifdef KEY
  ' ','k','e','y','[', KEY, ']',
#endif
  '\0'};

#ifdef __CLASSIC_C__
int main(argc, argv) int argc; char *argv[];
#else
int main(int argc, char *argv[])
#endif
{
  int require = 0;
  require += info_size[argc];
  (void)argv;
  return require;
}


Determining size of INT32 failed with the following output:
Change Dir: /home/softkoo/pcl/python-pcl/VTK-7.1.1/build/CMakeFiles/CMakeTmp

Run Build Command:"/usr/bin/make" "cmTC_3f234/fast"
/usr/bin/make -f CMakeFiles/cmTC_3f234.dir/build.make CMakeFiles/cmTC_3f234.dir/build
make[1]: Entering directory '/home/softkoo/pcl/python-pcl/VTK-7.1.1/build/CMakeFiles/CMakeTmp'
Building C object CMakeFiles/cmTC_3f234.dir/int32.c.o
/usr/bin/cc   -w -w -Wall -Winline -W -Wformat-security -Wpointer-arith -Wdisabled-optimization -Wno-unknown-pragmas -Wdeclaration-after-statement -fstrict-aliasing    -o CMakeFiles/cmTC_3f234.dir/int32.c.o   -c /home/softkoo/pcl/python-pcl/VTK-7.1.1/build/CMakeFiles/CheckTypeSize/int32.c
/home/softkoo/pcl/python-pcl/VTK-7.1.1/build/CMakeFiles/CheckTypeSize/int32.c:23:22: error: ‘INT32’ undeclared here (not in a function); did you mean ‘INT32_C’?
 #define SIZE (sizeof(INT32))
                      ^
/home/softkoo/pcl/python-pcl/VTK-7.1.1/build/CMakeFiles/CheckTypeSize/int32.c:25:12: note: in expansion of macro ‘SIZE’
   ('0' + ((SIZE / 10000)%10)),
            ^~~~
CMakeFiles/cmTC_3f234.dir/build.make:65: recipe for target 'CMakeFiles/cmTC_3f234.dir/int32.c.o' failed
make[1]: *** [CMakeFiles/cmTC_3f234.dir/int32.c.o] Error 1
make[1]: Leaving directory '/home/softkoo/pcl/python-pcl/VTK-7.1.1/build/CMakeFiles/CMakeTmp'
Makefile:126: recipe for target 'cmTC_3f234/fast' failed
make: *** [cmTC_3f234/fast] Error 2

/home/softkoo/pcl/python-pcl/VTK-7.1.1/build/CMakeFiles/CheckTypeSize/int32.c:
#include <sys/types.h>
#include <stdint.h>
#include <stddef.h>


#undef KEY
#if defined(__i386)
# define KEY '_','_','i','3','8','6'
#elif defined(__x86_64)
# define KEY '_','_','x','8','6','_','6','4'
#elif defined(__ppc__)
# define KEY '_','_','p','p','c','_','_'
#elif defined(__ppc64__)
# define KEY '_','_','p','p','c','6','4','_','_'
#elif defined(__aarch64__)
# define KEY '_','_','a','a','r','c','h','6','4','_','_'
#elif defined(__ARM_ARCH_7A__)
# define KEY '_','_','A','R','M','_','A','R','C','H','_','7','A','_','_'
#elif defined(__ARM_ARCH_7S__)
# define KEY '_','_','A','R','M','_','A','R','C','H','_','7','S','_','_'
#endif

#define SIZE (sizeof(INT32))
char info_size[] =  {'I', 'N', 'F', 'O', ':', 's','i','z','e','[',
  ('0' + ((SIZE / 10000)%10)),
  ('0' + ((SIZE / 1000)%10)),
  ('0' + ((SIZE / 100)%10)),
  ('0' + ((SIZE / 10)%10)),
  ('0' +  (SIZE    % 10)),
  ']',
#ifdef KEY
  ' ','k','e','y','[', KEY, ']',
#endif
  '\0'};

#ifdef __CLASSIC_C__
int main(argc, argv) int argc; char *argv[];
#else
int main(int argc, char *argv[])
#endif
{
  int require = 0;
  require += info_size[argc];
  (void)argv;
  return require;
}


Determining if the function setmode exists failed with the following output:
Change Dir: /home/softkoo/pcl/python-pcl/VTK-7.1.1/build/CMakeFiles/CMakeTmp

Run Build Command:"/usr/bin/make" "cmTC_c0ef1/fast"
/usr/bin/make -f CMakeFiles/cmTC_c0ef1.dir/build.make CMakeFiles/cmTC_c0ef1.dir/build
make[1]: Entering directory '/home/softkoo/pcl/python-pcl/VTK-7.1.1/build/CMakeFiles/CMakeTmp'
Building C object CMakeFiles/cmTC_c0ef1.dir/CheckFunctionExists.c.o
/usr/bin/cc   -w -w -Wall -Winline -W -Wformat-security -Wpointer-arith -Wdisabled-optimization -Wno-unknown-pragmas -Wdeclaration-after-statement -fstrict-aliasing -DCHECK_FUNCTION_EXISTS=setmode   -o CMakeFiles/cmTC_c0ef1.dir/CheckFunctionExists.c.o   -c /usr/share/cmake-3.10/Modules/CheckFunctionExists.c
Linking C executable cmTC_c0ef1
/usr/bin/cmake -E cmake_link_script CMakeFiles/cmTC_c0ef1.dir/link.txt --verbose=1
/usr/bin/cc   -w -w -Wall -Winline -W -Wformat-security -Wpointer-arith -Wdisabled-optimization -Wno-unknown-pragmas -Wdeclaration-after-statement -fstrict-aliasing -DCHECK_FUNCTION_EXISTS=setmode    -rdynamic CMakeFiles/cmTC_c0ef1.dir/CheckFunctionExists.c.o  -o cmTC_c0ef1 
CMakeFiles/cmTC_c0ef1.dir/CheckFunctionExists.c.o: In function `main':
CheckFunctionExists.c:(.text+0x10): undefined reference to `setmode'
collect2: error: ld returned 1 exit status
CMakeFiles/cmTC_c0ef1.dir/build.make:97: recipe for target 'cmTC_c0ef1' failed
make[1]: *** [cmTC_c0ef1] Error 1
make[1]: Leaving directory '/home/softkoo/pcl/python-pcl/VTK-7.1.1/build/CMakeFiles/CMakeTmp'
Makefile:126: recipe for target 'cmTC_c0ef1/fast' failed
make: *** [cmTC_c0ef1/fast] Error 2


Determining if the function jbg_newlen exists failed with the following output:
Change Dir: /home/softkoo/pcl/python-pcl/VTK-7.1.1/build/CMakeFiles/CMakeTmp

Run Build Command:"/usr/bin/make" "cmTC_f6456/fast"
/usr/bin/make -f CMakeFiles/cmTC_f6456.dir/build.make CMakeFiles/cmTC_f6456.dir/build
make[1]: Entering directory '/home/softkoo/pcl/python-pcl/VTK-7.1.1/build/CMakeFiles/CMakeTmp'
Building C object CMakeFiles/cmTC_f6456.dir/CheckFunctionExists.c.o
/usr/bin/cc   -w -w -Wall -Winline -W -Wformat-security -Wpointer-arith -Wdisabled-optimization -Wno-unknown-pragmas -Wdeclaration-after-statement -fstrict-aliasing -DCHECK_FUNCTION_EXISTS=jbg_newlen   -o CMakeFiles/cmTC_f6456.dir/CheckFunctionExists.c.o   -c /usr/share/cmake-3.10/Modules/CheckFunctionExists.c
Linking C executable cmTC_f6456
/usr/bin/cmake -E cmake_link_script CMakeFiles/cmTC_f6456.dir/link.txt --verbose=1
/usr/bin/cc   -w -w -Wall -Winline -W -Wformat-security -Wpointer-arith -Wdisabled-optimization -Wno-unknown-pragmas -Wdeclaration-after-statement -fstrict-aliasing -DCHECK_FUNCTION_EXISTS=jbg_newlen    -rdynamic CMakeFiles/cmTC_f6456.dir/CheckFunctionExists.c.o  -o cmTC_f6456 
CMakeFiles/cmTC_f6456.dir/CheckFunctionExists.c.o: In function `main':
CheckFunctionExists.c:(.text+0x10): undefined reference to `jbg_newlen'
collect2: error: ld returned 1 exit status
CMakeFiles/cmTC_f6456.dir/build.make:97: recipe for target 'cmTC_f6456' failed
make[1]: *** [cmTC_f6456] Error 1
make[1]: Leaving directory '/home/softkoo/pcl/python-pcl/VTK-7.1.1/build/CMakeFiles/CMakeTmp'
Makefile:126: recipe for target 'cmTC_f6456/fast' failed
make: *** [cmTC_f6456/fast] Error 2


Determining if files jni.h exist failed with the following output:
Change Dir: /home/softkoo/pcl/python-pcl/VTK-7.1.1/build/CMakeFiles/CMakeTmp

Run Build Command:"/usr/bin/make" "cmTC_d5ec3/fast"
/usr/bin/make -f CMakeFiles/cmTC_d5ec3.dir/build.make CMakeFiles/cmTC_d5ec3.dir/build
make[1]: Entering directory '/home/softkoo/pcl/python-pcl/VTK-7.1.1/build/CMakeFiles/CMakeTmp'
Building C object CMakeFiles/cmTC_d5ec3.dir/CheckIncludeFiles.c.o
/usr/bin/cc   -w -w    -o CMakeFiles/cmTC_d5ec3.dir/CheckIncludeFiles.c.o   -c /home/softkoo/pcl/python-pcl/VTK-7.1.1/build/CMakeFiles/CMakeTmp/CheckIncludeFiles.c
/home/softkoo/pcl/python-pcl/VTK-7.1.1/build/CMakeFiles/CMakeTmp/CheckIncludeFiles.c:2:10: fatal error: jni.h: No such file or directory
 #include <jni.h>
          ^~~~~~~
compilation terminated.
CMakeFiles/cmTC_d5ec3.dir/build.make:65: recipe for target 'CMakeFiles/cmTC_d5ec3.dir/CheckIncludeFiles.c.o' failed
make[1]: *** [CMakeFiles/cmTC_d5ec3.dir/CheckIncludeFiles.c.o] Error 1
make[1]: Leaving directory '/home/softkoo/pcl/python-pcl/VTK-7.1.1/build/CMakeFiles/CMakeTmp'
Makefile:126: recipe for target 'cmTC_d5ec3/fast' failed
make: *** [cmTC_d5ec3/fast] Error 2

Source:
/* */
#include <jni.h>


int main(void){return 0;}

Determining if the PTHREAD_MUTEX_RECURSIVE exist failed with the following output:
Change Dir: /home/softkoo/pcl/python-pcl/VTK-7.1.1/build/CMakeFiles/CMakeTmp

Run Build Command:"/usr/bin/make" "cmTC_08034/fast"
/usr/bin/make -f CMakeFiles/cmTC_08034.dir/build.make CMakeFiles/cmTC_08034.dir/build
make[1]: Entering directory '/home/softkoo/pcl/python-pcl/VTK-7.1.1/build/CMakeFiles/CMakeTmp'
Building C object CMakeFiles/cmTC_08034.dir/CheckSymbolExists.c.o
/usr/bin/cc   -w -w    -o CMakeFiles/cmTC_08034.dir/CheckSymbolExists.c.o   -c /home/softkoo/pcl/python-pcl/VTK-7.1.1/build/CMakeFiles/CMakeTmp/CheckSymbolExists.c
/home/softkoo/pcl/python-pcl/VTK-7.1.1/build/CMakeFiles/CMakeTmp/CheckSymbolExists.c: In function ‘main’:
/home/softkoo/pcl/python-pcl/VTK-7.1.1/build/CMakeFiles/CMakeTmp/CheckSymbolExists.c:8:18: error: lvalue required as unary ‘&’ operand
   return ((int*)(&PTHREAD_MUTEX_RECURSIVE))[argc];
                  ^
CMakeFiles/cmTC_08034.dir/build.make:65: recipe for target 'CMakeFiles/cmTC_08034.dir/CheckSymbolExists.c.o' failed
make[1]: *** [CMakeFiles/cmTC_08034.dir/CheckSymbolExists.c.o] Error 1
make[1]: Leaving directory '/home/softkoo/pcl/python-pcl/VTK-7.1.1/build/CMakeFiles/CMakeTmp'
Makefile:126: recipe for target 'cmTC_08034/fast' failed
make: *** [cmTC_08034/fast] Error 2

File /home/softkoo/pcl/python-pcl/VTK-7.1.1/build/CMakeFiles/CMakeTmp/CheckSymbolExists.c:
/* */
#include <pthread.h>

int main(int argc, char** argv)
{
  (void)argv;
#ifndef PTHREAD_MUTEX_RECURSIVE
  return ((int*)(&PTHREAD_MUTEX_RECURSIVE))[argc];
#else
  (void)argc;
  return 0;
#endif
}

Determining if the function WSAStartup exists in the ws2_32;m;dl failed with the following output:
Change Dir: /home/softkoo/pcl/python-pcl/VTK-7.1.1/build/CMakeFiles/CMakeTmp

Run Build Command:"/usr/bin/make" "cmTC_28944/fast"
/usr/bin/make -f CMakeFiles/cmTC_28944.dir/build.make CMakeFiles/cmTC_28944.dir/build
make[1]: Entering directory '/home/softkoo/pcl/python-pcl/VTK-7.1.1/build/CMakeFiles/CMakeTmp'
Building C object CMakeFiles/cmTC_28944.dir/CheckFunctionExists.c.o
/usr/bin/cc   -w -w -DCHECK_FUNCTION_EXISTS=WSAStartup   -o CMakeFiles/cmTC_28944.dir/CheckFunctionExists.c.o   -c /usr/share/cmake-3.10/Modules/CheckFunctionExists.c
Linking C executable cmTC_28944
/usr/bin/cmake -E cmake_link_script CMakeFiles/cmTC_28944.dir/link.txt --verbose=1
/usr/bin/cc   -w -w -DCHECK_FUNCTION_EXISTS=WSAStartup    -rdynamic CMakeFiles/cmTC_28944.dir/CheckFunctionExists.c.o  -o cmTC_28944 -lws2_32 -lm -ldl 
/usr/bin/ld: cannot find -lws2_32
collect2: error: ld returned 1 exit status
CMakeFiles/cmTC_28944.dir/build.make:97: recipe for target 'cmTC_28944' failed
make[1]: *** [cmTC_28944] Error 1
make[1]: Leaving directory '/home/softkoo/pcl/python-pcl/VTK-7.1.1/build/CMakeFiles/CMakeTmp'
Makefile:126: recipe for target 'cmTC_28944/fast' failed
make: *** [cmTC_28944/fast] Error 2


Determining if the function gethostbyname exists in the wsock32;m;dl failed with the following output:
Change Dir: /home/softkoo/pcl/python-pcl/VTK-7.1.1/build/CMakeFiles/CMakeTmp

Run Build Command:"/usr/bin/make" "cmTC_7c36c/fast"
/usr/bin/make -f CMakeFiles/cmTC_7c36c.dir/build.make CMakeFiles/cmTC_7c36c.dir/build
make[1]: Entering directory '/home/softkoo/pcl/python-pcl/VTK-7.1.1/build/CMakeFiles/CMakeTmp'
Building C object CMakeFiles/cmTC_7c36c.dir/CheckFunctionExists.c.o
/usr/bin/cc   -w -w -DCHECK_FUNCTION_EXISTS=gethostbyname   -o CMakeFiles/cmTC_7c36c.dir/CheckFunctionExists.c.o   -c /usr/share/cmake-3.10/Modules/CheckFunctionExists.c
Linking C executable cmTC_7c36c
/usr/bin/cmake -E cmake_link_script CMakeFiles/cmTC_7c36c.dir/link.txt --verbose=1
/usr/bin/cc   -w -w -DCHECK_FUNCTION_EXISTS=gethostbyname    -rdynamic CMakeFiles/cmTC_7c36c.dir/CheckFunctionExists.c.o  -o cmTC_7c36c -lwsock32 -lm -ldl 
/usr/bin/ld: cannot find -lwsock32
collect2: error: ld returned 1 exit status
CMakeFiles/cmTC_7c36c.dir/build.make:97: recipe for target 'cmTC_7c36c' failed
make[1]: *** [cmTC_7c36c] Error 1
make[1]: Leaving directory '/home/softkoo/pcl/python-pcl/VTK-7.1.1/build/CMakeFiles/CMakeTmp'
Makefile:126: recipe for target 'cmTC_7c36c/fast' failed
make: *** [cmTC_7c36c/fast] Error 2


Determining if the function gethostname exists in the ucb;m;dl failed with the following output:
Change Dir: /home/softkoo/pcl/python-pcl/VTK-7.1.1/build/CMakeFiles/CMakeTmp

Run Build Command:"/usr/bin/make" "cmTC_c08c8/fast"
/usr/bin/make -f CMakeFiles/cmTC_c08c8.dir/build.make CMakeFiles/cmTC_c08c8.dir/build
make[1]: Entering directory '/home/softkoo/pcl/python-pcl/VTK-7.1.1/build/CMakeFiles/CMakeTmp'
Building C object CMakeFiles/cmTC_c08c8.dir/CheckFunctionExists.c.o
/usr/bin/cc   -w -w -DCHECK_FUNCTION_EXISTS=gethostname   -o CMakeFiles/cmTC_c08c8.dir/CheckFunctionExists.c.o   -c /usr/share/cmake-3.10/Modules/CheckFunctionExists.c
Linking C executable cmTC_c08c8
/usr/bin/cmake -E cmake_link_script CMakeFiles/cmTC_c08c8.dir/link.txt --verbose=1
/usr/bin/cc   -w -w -DCHECK_FUNCTION_EXISTS=gethostname    -rdynamic CMakeFiles/cmTC_c08c8.dir/CheckFunctionExists.c.o  -o cmTC_c08c8 -lucb -lm -ldl 
/usr/bin/ld: cannot find -lucb
collect2: error: ld returned 1 exit status
CMakeFiles/cmTC_c08c8.dir/build.make:97: recipe for target 'cmTC_c08c8' failed
make[1]: *** [cmTC_c08c8] Error 1
make[1]: Leaving directory '/home/softkoo/pcl/python-pcl/VTK-7.1.1/build/CMakeFiles/CMakeTmp'
Makefile:126: recipe for target 'cmTC_c08c8/fast' failed
make: *** [cmTC_c08c8/fast] Error 2


Determining if the function connect exists in the socket;m;dl failed with the following output:
Change Dir: /home/softkoo/pcl/python-pcl/VTK-7.1.1/build/CMakeFiles/CMakeTmp

Run Build Command:"/usr/bin/make" "cmTC_73826/fast"
/usr/bin/make -f CMakeFiles/cmTC_73826.dir/build.make CMakeFiles/cmTC_73826.dir/build
make[1]: Entering directory '/home/softkoo/pcl/python-pcl/VTK-7.1.1/build/CMakeFiles/CMakeTmp'
Building C object CMakeFiles/cmTC_73826.dir/CheckFunctionExists.c.o
/usr/bin/cc   -w -w -DCHECK_FUNCTION_EXISTS=connect   -o CMakeFiles/cmTC_73826.dir/CheckFunctionExists.c.o   -c /usr/share/cmake-3.10/Modules/CheckFunctionExists.c
Linking C executable cmTC_73826
/usr/bin/cmake -E cmake_link_script CMakeFiles/cmTC_73826.dir/link.txt --verbose=1
/usr/bin/cc   -w -w -DCHECK_FUNCTION_EXISTS=connect    -rdynamic CMakeFiles/cmTC_73826.dir/CheckFunctionExists.c.o  -o cmTC_73826 -lsocket -lm -ldl 
/usr/bin/ld: cannot find -lsocket
collect2: error: ld returned 1 exit status
CMakeFiles/cmTC_73826.dir/build.make:97: recipe for target 'cmTC_73826' failed
make[1]: *** [cmTC_73826] Error 1
make[1]: Leaving directory '/home/softkoo/pcl/python-pcl/VTK-7.1.1/build/CMakeFiles/CMakeTmp'
Makefile:126: recipe for target 'cmTC_73826/fast' failed
make: *** [cmTC_73826/fast] Error 2


Determining if the function clock_gettime exists in the posix4 failed with the following output:
Change Dir: /home/softkoo/pcl/python-pcl/VTK-7.1.1/build/CMakeFiles/CMakeTmp

Run Build Command:"/usr/bin/make" "cmTC_f5eb1/fast"
/usr/bin/make -f CMakeFiles/cmTC_f5eb1.dir/build.make CMakeFiles/cmTC_f5eb1.dir/build
make[1]: Entering directory '/home/softkoo/pcl/python-pcl/VTK-7.1.1/build/CMakeFiles/CMakeTmp'
Building C object CMakeFiles/cmTC_f5eb1.dir/CheckFunctionExists.c.o
/usr/bin/cc   -w -w -DCHECK_FUNCTION_EXISTS=clock_gettime   -o CMakeFiles/cmTC_f5eb1.dir/CheckFunctionExists.c.o   -c /usr/share/cmake-3.10/Modules/CheckFunctionExists.c
Linking C executable cmTC_f5eb1
/usr/bin/cmake -E cmake_link_script CMakeFiles/cmTC_f5eb1.dir/link.txt --verbose=1
/usr/bin/cc   -w -w -DCHECK_FUNCTION_EXISTS=clock_gettime    -rdynamic CMakeFiles/cmTC_f5eb1.dir/CheckFunctionExists.c.o  -o cmTC_f5eb1 -lposix4 -lm -ldl 
/usr/bin/ld: cannot find -lposix4
collect2: error: ld returned 1 exit status
CMakeFiles/cmTC_f5eb1.dir/build.make:97: recipe for target 'cmTC_f5eb1' failed
make[1]: *** [cmTC_f5eb1] Error 1
make[1]: Leaving directory '/home/softkoo/pcl/python-pcl/VTK-7.1.1/build/CMakeFiles/CMakeTmp'
Makefile:126: recipe for target 'cmTC_f5eb1/fast' failed
make: *** [cmTC_f5eb1/fast] Error 2


Determining if files sys/resource.h;sys/time.h;unistd.h;sys/ioctl.h;sys/stat.h;sys/socket.h;sys/types.h;stddef.h;setjmp.h;features.h;dirent.h;stdint.h;mach/mach_time.h exist failed with the following output:
Change Dir: /home/softkoo/pcl/python-pcl/VTK-7.1.1/build/CMakeFiles/CMakeTmp

Run Build Command:"/usr/bin/make" "cmTC_817a1/fast"
/usr/bin/make -f CMakeFiles/cmTC_817a1.dir/build.make CMakeFiles/cmTC_817a1.dir/build
make[1]: Entering directory '/home/softkoo/pcl/python-pcl/VTK-7.1.1/build/CMakeFiles/CMakeTmp'
Building C object CMakeFiles/cmTC_817a1.dir/CheckIncludeFiles.c.o
/usr/bin/cc   -w -w    -o CMakeFiles/cmTC_817a1.dir/CheckIncludeFiles.c.o   -c /home/softkoo/pcl/python-pcl/VTK-7.1.1/build/CMakeFiles/CMakeTmp/CheckIncludeFiles.c
/home/softkoo/pcl/python-pcl/VTK-7.1.1/build/CMakeFiles/CMakeTmp/CheckIncludeFiles.c:14:10: fatal error: mach/mach_time.h: No such file or directory
 #include <mach/mach_time.h>
          ^~~~~~~~~~~~~~~~~~
compilation terminated.
CMakeFiles/cmTC_817a1.dir/build.make:65: recipe for target 'CMakeFiles/cmTC_817a1.dir/CheckIncludeFiles.c.o' failed
make[1]: *** [CMakeFiles/cmTC_817a1.dir/CheckIncludeFiles.c.o] Error 1
make[1]: Leaving directory '/home/softkoo/pcl/python-pcl/VTK-7.1.1/build/CMakeFiles/CMakeTmp'
Makefile:126: recipe for target 'cmTC_817a1/fast' failed
make: *** [cmTC_817a1/fast] Error 2

Source:
/* */
#include <sys/resource.h>
#include <sys/time.h>
#include <unistd.h>
#include <sys/ioctl.h>
#include <sys/stat.h>
#include <sys/socket.h>
#include <sys/types.h>
#include <stddef.h>
#include <setjmp.h>
#include <features.h>
#include <dirent.h>
#include <stdint.h>
#include <mach/mach_time.h>


int main(void){return 0;}

Determining if files sys/resource.h;sys/time.h;unistd.h;sys/ioctl.h;sys/stat.h;sys/socket.h;sys/types.h;stddef.h;setjmp.h;features.h;dirent.h;stdint.h;io.h exist failed with the following output:
Change Dir: /home/softkoo/pcl/python-pcl/VTK-7.1.1/build/CMakeFiles/CMakeTmp

Run Build Command:"/usr/bin/make" "cmTC_beabd/fast"
/usr/bin/make -f CMakeFiles/cmTC_beabd.dir/build.make CMakeFiles/cmTC_beabd.dir/build
make[1]: Entering directory '/home/softkoo/pcl/python-pcl/VTK-7.1.1/build/CMakeFiles/CMakeTmp'
Building C object CMakeFiles/cmTC_beabd.dir/CheckIncludeFiles.c.o
/usr/bin/cc   -w -w    -o CMakeFiles/cmTC_beabd.dir/CheckIncludeFiles.c.o   -c /home/softkoo/pcl/python-pcl/VTK-7.1.1/build/CMakeFiles/CMakeTmp/CheckIncludeFiles.c
/home/softkoo/pcl/python-pcl/VTK-7.1.1/build/CMakeFiles/CMakeTmp/CheckIncludeFiles.c:14:10: fatal error: io.h: No such file or directory
 #include <io.h>
          ^~~~~~
compilation terminated.
CMakeFiles/cmTC_beabd.dir/build.make:65: recipe for target 'CMakeFiles/cmTC_beabd.dir/CheckIncludeFiles.c.o' failed
make[1]: *** [CMakeFiles/cmTC_beabd.dir/CheckIncludeFiles.c.o] Error 1
make[1]: Leaving directory '/home/softkoo/pcl/python-pcl/VTK-7.1.1/build/CMakeFiles/CMakeTmp'
Makefile:126: recipe for target 'cmTC_beabd/fast' failed
make: *** [cmTC_beabd/fast] Error 2

Source:
/* */
#include <sys/resource.h>
#include <sys/time.h>
#include <unistd.h>
#include <sys/ioctl.h>
#include <sys/stat.h>
#include <sys/socket.h>
#include <sys/types.h>
#include <stddef.h>
#include <setjmp.h>
#include <features.h>
#include <dirent.h>
#include <stdint.h>
#include <io.h>


int main(void){return 0;}

Determining if files sys/resource.h;sys/time.h;unistd.h;sys/ioctl.h;sys/stat.h;sys/socket.h;sys/types.h;stddef.h;setjmp.h;features.h;dirent.h;stdint.h;winsock2.h exist failed with the following output:
Change Dir: /home/softkoo/pcl/python-pcl/VTK-7.1.1/build/CMakeFiles/CMakeTmp

Run Build Command:"/usr/bin/make" "cmTC_9e9ce/fast"
/usr/bin/make -f CMakeFiles/cmTC_9e9ce.dir/build.make CMakeFiles/cmTC_9e9ce.dir/build
make[1]: Entering directory '/home/softkoo/pcl/python-pcl/VTK-7.1.1/build/CMakeFiles/CMakeTmp'
Building C object CMakeFiles/cmTC_9e9ce.dir/CheckIncludeFiles.c.o
/usr/bin/cc   -w -w    -o CMakeFiles/cmTC_9e9ce.dir/CheckIncludeFiles.c.o   -c /home/softkoo/pcl/python-pcl/VTK-7.1.1/build/CMakeFiles/CMakeTmp/CheckIncludeFiles.c
/home/softkoo/pcl/python-pcl/VTK-7.1.1/build/CMakeFiles/CMakeTmp/CheckIncludeFiles.c:14:10: fatal error: winsock2.h: No such file or directory
 #include <winsock2.h>
          ^~~~~~~~~~~~
compilation terminated.
CMakeFiles/cmTC_9e9ce.dir/build.make:65: recipe for target 'CMakeFiles/cmTC_9e9ce.dir/CheckIncludeFiles.c.o' failed
make[1]: *** [CMakeFiles/cmTC_9e9ce.dir/CheckIncludeFiles.c.o] Error 1
make[1]: Leaving directory '/home/softkoo/pcl/python-pcl/VTK-7.1.1/build/CMakeFiles/CMakeTmp'
Makefile:126: recipe for target 'cmTC_9e9ce/fast' failed
make: *** [cmTC_9e9ce/fast] Error 2

Source:
/* */
#include <sys/resource.h>
#include <sys/time.h>
#include <unistd.h>
#include <sys/ioctl.h>
#include <sys/stat.h>
#include <sys/socket.h>
#include <sys/types.h>
#include <stddef.h>
#include <setjmp.h>
#include <features.h>
#include <dirent.h>
#include <stdint.h>
#include <winsock2.h>


int main(void){return 0;}

Determining if files sys/resource.h;sys/time.h;unistd.h;sys/ioctl.h;sys/stat.h;sys/socket.h;sys/types.h;stddef.h;setjmp.h;features.h;dirent.h;stdint.h;sys/timeb.h;globus/common.h exist failed with the following output:
Change Dir: /home/softkoo/pcl/python-pcl/VTK-7.1.1/build/CMakeFiles/CMakeTmp

Run Build Command:"/usr/bin/make" "cmTC_8ab73/fast"
/usr/bin/make -f CMakeFiles/cmTC_8ab73.dir/build.make CMakeFiles/cmTC_8ab73.dir/build
make[1]: Entering directory '/home/softkoo/pcl/python-pcl/VTK-7.1.1/build/CMakeFiles/CMakeTmp'
Building C object CMakeFiles/cmTC_8ab73.dir/CheckIncludeFiles.c.o
/usr/bin/cc   -w -w    -o CMakeFiles/cmTC_8ab73.dir/CheckIncludeFiles.c.o   -c /home/softkoo/pcl/python-pcl/VTK-7.1.1/build/CMakeFiles/CMakeTmp/CheckIncludeFiles.c
/home/softkoo/pcl/python-pcl/VTK-7.1.1/build/CMakeFiles/CMakeTmp/CheckIncludeFiles.c:15:10: fatal error: globus/common.h: No such file or directory
 #include <globus/common.h>
          ^~~~~~~~~~~~~~~~~
compilation terminated.
CMakeFiles/cmTC_8ab73.dir/build.make:65: recipe for target 'CMakeFiles/cmTC_8ab73.dir/CheckIncludeFiles.c.o' failed
make[1]: *** [CMakeFiles/cmTC_8ab73.dir/CheckIncludeFiles.c.o] Error 1
make[1]: Leaving directory '/home/softkoo/pcl/python-pcl/VTK-7.1.1/build/CMakeFiles/CMakeTmp'
Makefile:126: recipe for target 'cmTC_8ab73/fast' failed
make: *** [cmTC_8ab73/fast] Error 2

Source:
/* */
#include <sys/resource.h>
#include <sys/time.h>
#include <unistd.h>
#include <sys/ioctl.h>
#include <sys/stat.h>
#include <sys/socket.h>
#include <sys/types.h>
#include <stddef.h>
#include <setjmp.h>
#include <features.h>
#include <dirent.h>
#include <stdint.h>
#include <sys/timeb.h>
#include <globus/common.h>


int main(void){return 0;}

Determining if files sys/resource.h;sys/time.h;unistd.h;sys/ioctl.h;sys/stat.h;sys/socket.h;sys/types.h;stddef.h;setjmp.h;features.h;dirent.h;stdint.h;sys/timeb.h;pdb.h exist failed with the following output:
Change Dir: /home/softkoo/pcl/python-pcl/VTK-7.1.1/build/CMakeFiles/CMakeTmp

Run Build Command:"/usr/bin/make" "cmTC_9f647/fast"
/usr/bin/make -f CMakeFiles/cmTC_9f647.dir/build.make CMakeFiles/cmTC_9f647.dir/build
make[1]: Entering directory '/home/softkoo/pcl/python-pcl/VTK-7.1.1/build/CMakeFiles/CMakeTmp'
Building C object CMakeFiles/cmTC_9f647.dir/CheckIncludeFiles.c.o
/usr/bin/cc   -w -w    -o CMakeFiles/cmTC_9f647.dir/CheckIncludeFiles.c.o   -c /home/softkoo/pcl/python-pcl/VTK-7.1.1/build/CMakeFiles/CMakeTmp/CheckIncludeFiles.c
/home/softkoo/pcl/python-pcl/VTK-7.1.1/build/CMakeFiles/CMakeTmp/CheckIncludeFiles.c:15:10: fatal error: pdb.h: No such file or directory
 #include <pdb.h>
          ^~~~~~~
compilation terminated.
CMakeFiles/cmTC_9f647.dir/build.make:65: recipe for target 'CMakeFiles/cmTC_9f647.dir/CheckIncludeFiles.c.o' failed
make[1]: *** [CMakeFiles/cmTC_9f647.dir/CheckIncludeFiles.c.o] Error 1
make[1]: Leaving directory '/home/softkoo/pcl/python-pcl/VTK-7.1.1/build/CMakeFiles/CMakeTmp'
Makefile:126: recipe for target 'cmTC_9f647/fast' failed
make: *** [cmTC_9f647/fast] Error 2

Source:
/* */
#include <sys/resource.h>
#include <sys/time.h>
#include <unistd.h>
#include <sys/ioctl.h>
#include <sys/stat.h>
#include <sys/socket.h>
#include <sys/types.h>
#include <stddef.h>
#include <setjmp.h>
#include <features.h>
#include <dirent.h>
#include <stdint.h>
#include <sys/timeb.h>
#include <pdb.h>


int main(void){return 0;}

Determining if files sys/resource.h;sys/time.h;unistd.h;sys/ioctl.h;sys/stat.h;sys/socket.h;sys/types.h;stddef.h;setjmp.h;features.h;dirent.h;stdint.h;sys/timeb.h;pthread.h;srbclient.h exist failed with the following output:
Change Dir: /home/softkoo/pcl/python-pcl/VTK-7.1.1/build/CMakeFiles/CMakeTmp

Run Build Command:"/usr/bin/make" "cmTC_f9272/fast"
/usr/bin/make -f CMakeFiles/cmTC_f9272.dir/build.make CMakeFiles/cmTC_f9272.dir/build
make[1]: Entering directory '/home/softkoo/pcl/python-pcl/VTK-7.1.1/build/CMakeFiles/CMakeTmp'
Building C object CMakeFiles/cmTC_f9272.dir/CheckIncludeFiles.c.o
/usr/bin/cc   -w -w    -o CMakeFiles/cmTC_f9272.dir/CheckIncludeFiles.c.o   -c /home/softkoo/pcl/python-pcl/VTK-7.1.1/build/CMakeFiles/CMakeTmp/CheckIncludeFiles.c
/home/softkoo/pcl/python-pcl/VTK-7.1.1/build/CMakeFiles/CMakeTmp/CheckIncludeFiles.c:16:10: fatal error: srbclient.h: No such file or directory
 #include <srbclient.h>
          ^~~~~~~~~~~~~
compilation terminated.
CMakeFiles/cmTC_f9272.dir/build.make:65: recipe for target 'CMakeFiles/cmTC_f9272.dir/CheckIncludeFiles.c.o' failed
make[1]: *** [CMakeFiles/cmTC_f9272.dir/CheckIncludeFiles.c.o] Error 1
make[1]: Leaving directory '/home/softkoo/pcl/python-pcl/VTK-7.1.1/build/CMakeFiles/CMakeTmp'
Makefile:126: recipe for target 'cmTC_f9272/fast' failed
make: *** [cmTC_f9272/fast] Error 2

Source:
/* */
#include <sys/resource.h>
#include <sys/time.h>
#include <unistd.h>
#include <sys/ioctl.h>
#include <sys/stat.h>
#include <sys/socket.h>
#include <sys/types.h>
#include <stddef.h>
#include <setjmp.h>
#include <features.h>
#include <dirent.h>
#include <stdint.h>
#include <sys/timeb.h>
#include <pthread.h>
#include <srbclient.h>


int main(void){return 0;}

Determining size of __int64 failed with the following output:
Change Dir: /home/softkoo/pcl/python-pcl/VTK-7.1.1/build/CMakeFiles/CMakeTmp

Run Build Command:"/usr/bin/make" "cmTC_151b8/fast"
/usr/bin/make -f CMakeFiles/cmTC_151b8.dir/build.make CMakeFiles/cmTC_151b8.dir/build
make[1]: Entering directory '/home/softkoo/pcl/python-pcl/VTK-7.1.1/build/CMakeFiles/CMakeTmp'
Building C object CMakeFiles/cmTC_151b8.dir/H5_SIZEOF___INT64.c.o
/usr/bin/cc -D_BSD_SOURCE -D_DEFAULT_SOURCE -D_FILE_OFFSET_BITS=64 -D_LARGEFILE64_SOURCE -D_LARGEFILE_SOURCE  -w -w    -o CMakeFiles/cmTC_151b8.dir/H5_SIZEOF___INT64.c.o   -c /home/softkoo/pcl/python-pcl/VTK-7.1.1/build/CMakeFiles/CheckTypeSize/H5_SIZEOF___INT64.c
/home/softkoo/pcl/python-pcl/VTK-7.1.1/build/CMakeFiles/CheckTypeSize/H5_SIZEOF___INT64.c:23:22: error: ‘__int64’ undeclared here (not in a function); did you mean ‘__int64_t’?
 #define SIZE (sizeof(__int64))
                      ^
/home/softkoo/pcl/python-pcl/VTK-7.1.1/build/CMakeFiles/CheckTypeSize/H5_SIZEOF___INT64.c:25:12: note: in expansion of macro ‘SIZE’
   ('0' + ((SIZE / 10000)%10)),
            ^~~~
CMakeFiles/cmTC_151b8.dir/build.make:65: recipe for target 'CMakeFiles/cmTC_151b8.dir/H5_SIZEOF___INT64.c.o' failed
make[1]: *** [CMakeFiles/cmTC_151b8.dir/H5_SIZEOF___INT64.c.o] Error 1
make[1]: Leaving directory '/home/softkoo/pcl/python-pcl/VTK-7.1.1/build/CMakeFiles/CMakeTmp'
Makefile:126: recipe for target 'cmTC_151b8/fast' failed
make: *** [cmTC_151b8/fast] Error 2

/home/softkoo/pcl/python-pcl/VTK-7.1.1/build/CMakeFiles/CheckTypeSize/H5_SIZEOF___INT64.c:
#include <sys/types.h>
#include <stdint.h>
#include <stddef.h>


#undef KEY
#if defined(__i386)
# define KEY '_','_','i','3','8','6'
#elif defined(__x86_64)
# define KEY '_','_','x','8','6','_','6','4'
#elif defined(__ppc__)
# define KEY '_','_','p','p','c','_','_'
#elif defined(__ppc64__)
# define KEY '_','_','p','p','c','6','4','_','_'
#elif defined(__aarch64__)
# define KEY '_','_','a','a','r','c','h','6','4','_','_'
#elif defined(__ARM_ARCH_7A__)
# define KEY '_','_','A','R','M','_','A','R','C','H','_','7','A','_','_'
#elif defined(__ARM_ARCH_7S__)
# define KEY '_','_','A','R','M','_','A','R','C','H','_','7','S','_','_'
#endif

#define SIZE (sizeof(__int64))
char info_size[] =  {'I', 'N', 'F', 'O', ':', 's','i','z','e','[',
  ('0' + ((SIZE / 10000)%10)),
  ('0' + ((SIZE / 1000)%10)),
  ('0' + ((SIZE / 100)%10)),
  ('0' + ((SIZE / 10)%10)),
  ('0' +  (SIZE    % 10)),
  ']',
#ifdef KEY
  ' ','k','e','y','[', KEY, ']',
#endif
  '\0'};

#ifdef __CLASSIC_C__
int main(argc, argv) int argc; char *argv[];
#else
int main(int argc, char *argv[])
#endif
{
  int require = 0;
  require += info_size[argc];
  (void)argv;
  return require;
}


Determining if the variable CLOCK_MONOTONIC exists failed with the following output:
Change Dir: /home/softkoo/pcl/python-pcl/VTK-7.1.1/build/CMakeFiles/CMakeTmp

Run Build Command:"/usr/bin/make" "cmTC_469ce/fast"
/usr/bin/make -f CMakeFiles/cmTC_469ce.dir/build.make CMakeFiles/cmTC_469ce.dir/build
make[1]: Entering directory '/home/softkoo/pcl/python-pcl/VTK-7.1.1/build/CMakeFiles/CMakeTmp'
Building C object CMakeFiles/cmTC_469ce.dir/CheckVariableExists.c.o
/usr/bin/cc -D_BSD_SOURCE -D_DEFAULT_SOURCE -D_FILE_OFFSET_BITS=64 -D_LARGEFILE64_SOURCE -D_LARGEFILE_SOURCE  -w -w -DCHECK_VARIABLE_EXISTS=CLOCK_MONOTONIC   -o CMakeFiles/cmTC_469ce.dir/CheckVariableExists.c.o   -c /usr/share/cmake-3.10/Modules/CheckVariableExists.c
Linking C executable cmTC_469ce
/usr/bin/cmake -E cmake_link_script CMakeFiles/cmTC_469ce.dir/link.txt --verbose=1
/usr/bin/cc   -w -w -DCHECK_VARIABLE_EXISTS=CLOCK_MONOTONIC    -rdynamic CMakeFiles/cmTC_469ce.dir/CheckVariableExists.c.o  -o cmTC_469ce -lm -ldl 
CMakeFiles/cmTC_469ce.dir/CheckVariableExists.c.o: In function `main':
CheckVariableExists.c:(.text+0x25): undefined reference to `CLOCK_MONOTONIC'
collect2: error: ld returned 1 exit status
CMakeFiles/cmTC_469ce.dir/build.make:97: recipe for target 'cmTC_469ce' failed
make[1]: *** [cmTC_469ce] Error 1
make[1]: Leaving directory '/home/softkoo/pcl/python-pcl/VTK-7.1.1/build/CMakeFiles/CMakeTmp'
Makefile:126: recipe for target 'cmTC_469ce/fast' failed
make: *** [cmTC_469ce/fast] Error 2


Performing Other Test HAVE___TM_GMTOFF failed with the following output:
Change Dir: /home/softkoo/pcl/python-pcl/VTK-7.1.1/build/CMakeFiles/CMakeTmp

Run Build Command:"/usr/bin/make" "cmTC_0a5f4/fast"
/usr/bin/make -f CMakeFiles/cmTC_0a5f4.dir/build.make CMakeFiles/cmTC_0a5f4.dir/build
make[1]: Entering directory '/home/softkoo/pcl/python-pcl/VTK-7.1.1/build/CMakeFiles/CMakeTmp'
Building C object CMakeFiles/cmTC_0a5f4.dir/HDF5Tests.c.o
/usr/bin/cc   -w -w -DHAVE___TM_GMTOFF  -DHAVE_SYS_TIME_H -DHAVE_UNISTD_H -DHAVE_SYS_TYPES_H -DHAVE_SYS_SOCKET_H -D_FILE_OFFSET_BITS=64 -D_LARGEFILE64_SOURCE -D_LARGEFILE_SOURCE   -o CMakeFiles/cmTC_0a5f4.dir/HDF5Tests.c.o   -c /home/softkoo/pcl/python-pcl/VTK-7.1.1/ThirdParty/hdf5/vtkhdf5/config/cmake/HDF5Tests.c
/home/softkoo/pcl/python-pcl/VTK-7.1.1/ThirdParty/hdf5/vtkhdf5/config/cmake/HDF5Tests.c: In function ‘main’:
/home/softkoo/pcl/python-pcl/VTK-7.1.1/ThirdParty/hdf5/vtkhdf5/config/cmake/HDF5Tests.c:191:30: error: ‘struct tm’ has no member named ‘__tm_gmtoff’; did you mean ‘tm_gmtoff’?
 SIMPLE_TEST(struct tm tm; tm.__tm_gmtoff=0);
                              ^
/home/softkoo/pcl/python-pcl/VTK-7.1.1/ThirdParty/hdf5/vtkhdf5/config/cmake/HDF5Tests.c:1:36: note: in definition of macro ‘SIMPLE_TEST’
 #define SIMPLE_TEST(x) int main(){ x; return 0; }
                                    ^
CMakeFiles/cmTC_0a5f4.dir/build.make:65: recipe for target 'CMakeFiles/cmTC_0a5f4.dir/HDF5Tests.c.o' failed
make[1]: *** [CMakeFiles/cmTC_0a5f4.dir/HDF5Tests.c.o] Error 1
make[1]: Leaving directory '/home/softkoo/pcl/python-pcl/VTK-7.1.1/build/CMakeFiles/CMakeTmp'
Makefile:126: recipe for target 'cmTC_0a5f4/fast' failed
make: *** [cmTC_0a5f4/fast] Error 2

Performing Other Test HAVE_STRUCT_VIDEOCONFIG failed with the following output:
Change Dir: /home/softkoo/pcl/python-pcl/VTK-7.1.1/build/CMakeFiles/CMakeTmp

Run Build Command:"/usr/bin/make" "cmTC_e9a17/fast"
/usr/bin/make -f CMakeFiles/cmTC_e9a17.dir/build.make CMakeFiles/cmTC_e9a17.dir/build
make[1]: Entering directory '/home/softkoo/pcl/python-pcl/VTK-7.1.1/build/CMakeFiles/CMakeTmp'
Building C object CMakeFiles/cmTC_e9a17.dir/HDF5Tests.c.o
/usr/bin/cc   -w -w -DHAVE_STRUCT_VIDEOCONFIG  -DHAVE_SYS_TIME_H -DHAVE_UNISTD_H -DHAVE_SYS_TYPES_H -DHAVE_SYS_SOCKET_H -D_FILE_OFFSET_BITS=64 -D_LARGEFILE64_SOURCE -D_LARGEFILE_SOURCE   -o CMakeFiles/cmTC_e9a17.dir/HDF5Tests.c.o   -c /home/softkoo/pcl/python-pcl/VTK-7.1.1/ThirdParty/hdf5/vtkhdf5/config/cmake/HDF5Tests.c
/home/softkoo/pcl/python-pcl/VTK-7.1.1/ThirdParty/hdf5/vtkhdf5/config/cmake/HDF5Tests.c: In function ‘main’:
/home/softkoo/pcl/python-pcl/VTK-7.1.1/ThirdParty/hdf5/vtkhdf5/config/cmake/HDF5Tests.c:474:32: error: storage size of ‘w’ isn’t known
 SIMPLE_TEST(struct videoconfig w; w.numtextcols=0);
                                ^
/home/softkoo/pcl/python-pcl/VTK-7.1.1/ThirdParty/hdf5/vtkhdf5/config/cmake/HDF5Tests.c:1:36: note: in definition of macro ‘SIMPLE_TEST’
 #define SIMPLE_TEST(x) int main(){ x; return 0; }
                                    ^
CMakeFiles/cmTC_e9a17.dir/build.make:65: recipe for target 'CMakeFiles/cmTC_e9a17.dir/HDF5Tests.c.o' failed
make[1]: *** [CMakeFiles/cmTC_e9a17.dir/HDF5Tests.c.o] Error 1
make[1]: Leaving directory '/home/softkoo/pcl/python-pcl/VTK-7.1.1/build/CMakeFiles/CMakeTmp'
Makefile:126: recipe for target 'cmTC_e9a17/fast' failed
make: *** [cmTC_e9a17/fast] Error 2

Performing Other Test HAVE_STRUCT_TEXT_INFO failed with the following output:
Change Dir: /home/softkoo/pcl/python-pcl/VTK-7.1.1/build/CMakeFiles/CMakeTmp

Run Build Command:"/usr/bin/make" "cmTC_a4ca8/fast"
/usr/bin/make -f CMakeFiles/cmTC_a4ca8.dir/build.make CMakeFiles/cmTC_a4ca8.dir/build
make[1]: Entering directory '/home/softkoo/pcl/python-pcl/VTK-7.1.1/build/CMakeFiles/CMakeTmp'
Building C object CMakeFiles/cmTC_a4ca8.dir/HDF5Tests.c.o
/usr/bin/cc   -w -w -DHAVE_STRUCT_TEXT_INFO  -DHAVE_SYS_TIME_H -DHAVE_UNISTD_H -DHAVE_SYS_TYPES_H -DHAVE_SYS_SOCKET_H -D_FILE_OFFSET_BITS=64 -D_LARGEFILE64_SOURCE -D_LARGEFILE_SOURCE   -o CMakeFiles/cmTC_a4ca8.dir/HDF5Tests.c.o   -c /home/softkoo/pcl/python-pcl/VTK-7.1.1/ThirdParty/hdf5/vtkhdf5/config/cmake/HDF5Tests.c
/home/softkoo/pcl/python-pcl/VTK-7.1.1/ThirdParty/hdf5/vtkhdf5/config/cmake/HDF5Tests.c: In function ‘main’:
/home/softkoo/pcl/python-pcl/VTK-7.1.1/ThirdParty/hdf5/vtkhdf5/config/cmake/HDF5Tests.c:480:30: error: storage size of ‘w’ isn’t known
 SIMPLE_TEST(struct text_info w; w.screenwidth=0);
                              ^
/home/softkoo/pcl/python-pcl/VTK-7.1.1/ThirdParty/hdf5/vtkhdf5/config/cmake/HDF5Tests.c:1:36: note: in definition of macro ‘SIMPLE_TEST’
 #define SIMPLE_TEST(x) int main(){ x; return 0; }
                                    ^
CMakeFiles/cmTC_a4ca8.dir/build.make:65: recipe for target 'CMakeFiles/cmTC_a4ca8.dir/HDF5Tests.c.o' failed
make[1]: *** [CMakeFiles/cmTC_a4ca8.dir/HDF5Tests.c.o] Error 1
make[1]: Leaving directory '/home/softkoo/pcl/python-pcl/VTK-7.1.1/build/CMakeFiles/CMakeTmp'
Makefile:126: recipe for target 'cmTC_a4ca8/fast' failed
make: *** [cmTC_a4ca8/fast] Error 2

Determining if the function _getvideoconfig exists failed with the following output:
Change Dir: /home/softkoo/pcl/python-pcl/VTK-7.1.1/build/CMakeFiles/CMakeTmp

Run Build Command:"/usr/bin/make" "cmTC_a8b08/fast"
/usr/bin/make -f CMakeFiles/cmTC_a8b08.dir/build.make CMakeFiles/cmTC_a8b08.dir/build
make[1]: Entering directory '/home/softkoo/pcl/python-pcl/VTK-7.1.1/build/CMakeFiles/CMakeTmp'
Building C object CMakeFiles/cmTC_a8b08.dir/CheckFunctionExists.c.o
/usr/bin/cc -D_BSD_SOURCE -D_DEFAULT_SOURCE -D_FILE_OFFSET_BITS=64 -D_LARGEFILE64_SOURCE -D_LARGEFILE_SOURCE  -w -w -DCHECK_FUNCTION_EXISTS=_getvideoconfig   -o CMakeFiles/cmTC_a8b08.dir/CheckFunctionExists.c.o   -c /usr/share/cmake-3.10/Modules/CheckFunctionExists.c
Linking C executable cmTC_a8b08
/usr/bin/cmake -E cmake_link_script CMakeFiles/cmTC_a8b08.dir/link.txt --verbose=1
/usr/bin/cc   -w -w -DCHECK_FUNCTION_EXISTS=_getvideoconfig    -rdynamic CMakeFiles/cmTC_a8b08.dir/CheckFunctionExists.c.o  -o cmTC_a8b08 -lm -ldl 
CMakeFiles/cmTC_a8b08.dir/CheckFunctionExists.c.o: In function `main':
CheckFunctionExists.c:(.text+0x10): undefined reference to `_getvideoconfig'
collect2: error: ld returned 1 exit status
CMakeFiles/cmTC_a8b08.dir/build.make:97: recipe for target 'cmTC_a8b08' failed
make[1]: *** [cmTC_a8b08] Error 1
make[1]: Leaving directory '/home/softkoo/pcl/python-pcl/VTK-7.1.1/build/CMakeFiles/CMakeTmp'
Makefile:126: recipe for target 'cmTC_a8b08/fast' failed
make: *** [cmTC_a8b08/fast] Error 2


Determining if the function gettextinfo exists failed with the following output:
Change Dir: /home/softkoo/pcl/python-pcl/VTK-7.1.1/build/CMakeFiles/CMakeTmp

Run Build Command:"/usr/bin/make" "cmTC_cda69/fast"
/usr/bin/make -f CMakeFiles/cmTC_cda69.dir/build.make CMakeFiles/cmTC_cda69.dir/build
make[1]: Entering directory '/home/softkoo/pcl/python-pcl/VTK-7.1.1/build/CMakeFiles/CMakeTmp'
Building C object CMakeFiles/cmTC_cda69.dir/CheckFunctionExists.c.o
/usr/bin/cc -D_BSD_SOURCE -D_DEFAULT_SOURCE -D_FILE_OFFSET_BITS=64 -D_LARGEFILE64_SOURCE -D_LARGEFILE_SOURCE  -w -w -DCHECK_FUNCTION_EXISTS=gettextinfo   -o CMakeFiles/cmTC_cda69.dir/CheckFunctionExists.c.o   -c /usr/share/cmake-3.10/Modules/CheckFunctionExists.c
Linking C executable cmTC_cda69
/usr/bin/cmake -E cmake_link_script CMakeFiles/cmTC_cda69.dir/link.txt --verbose=1
/usr/bin/cc   -w -w -DCHECK_FUNCTION_EXISTS=gettextinfo    -rdynamic CMakeFiles/cmTC_cda69.dir/CheckFunctionExists.c.o  -o cmTC_cda69 -lm -ldl 
CMakeFiles/cmTC_cda69.dir/CheckFunctionExists.c.o: In function `main':
CheckFunctionExists.c:(.text+0x10): undefined reference to `gettextinfo'
collect2: error: ld returned 1 exit status
CMakeFiles/cmTC_cda69.dir/build.make:97: recipe for target 'cmTC_cda69' failed
make[1]: *** [cmTC_cda69] Error 1
make[1]: Leaving directory '/home/softkoo/pcl/python-pcl/VTK-7.1.1/build/CMakeFiles/CMakeTmp'
Makefile:126: recipe for target 'cmTC_cda69/fast' failed
make: *** [cmTC_cda69/fast] Error 2


Determining if the function _scrsize exists failed with the following output:
Change Dir: /home/softkoo/pcl/python-pcl/VTK-7.1.1/build/CMakeFiles/CMakeTmp

Run Build Command:"/usr/bin/make" "cmTC_77206/fast"
/usr/bin/make -f CMakeFiles/cmTC_77206.dir/build.make CMakeFiles/cmTC_77206.dir/build
make[1]: Entering directory '/home/softkoo/pcl/python-pcl/VTK-7.1.1/build/CMakeFiles/CMakeTmp'
Building C object CMakeFiles/cmTC_77206.dir/CheckFunctionExists.c.o
/usr/bin/cc -D_BSD_SOURCE -D_DEFAULT_SOURCE -D_FILE_OFFSET_BITS=64 -D_LARGEFILE64_SOURCE -D_LARGEFILE_SOURCE  -w -w -DCHECK_FUNCTION_EXISTS=_scrsize   -o CMakeFiles/cmTC_77206.dir/CheckFunctionExists.c.o   -c /usr/share/cmake-3.10/Modules/CheckFunctionExists.c
Linking C executable cmTC_77206
/usr/bin/cmake -E cmake_link_script CMakeFiles/cmTC_77206.dir/link.txt --verbose=1
/usr/bin/cc   -w -w -DCHECK_FUNCTION_EXISTS=_scrsize    -rdynamic CMakeFiles/cmTC_77206.dir/CheckFunctionExists.c.o  -o cmTC_77206 -lm -ldl 
CMakeFiles/cmTC_77206.dir/CheckFunctionExists.c.o: In function `main':
CheckFunctionExists.c:(.text+0x10): undefined reference to `_scrsize'
collect2: error: ld returned 1 exit status
CMakeFiles/cmTC_77206.dir/build.make:97: recipe for target 'cmTC_77206' failed
make[1]: *** [cmTC_77206] Error 1
make[1]: Leaving directory '/home/softkoo/pcl/python-pcl/VTK-7.1.1/build/CMakeFiles/CMakeTmp'
Makefile:126: recipe for target 'cmTC_77206/fast' failed
make: *** [cmTC_77206/fast] Error 2


Determining if the function GetConsoleScreenBufferInfo exists failed with the following output:
Change Dir: /home/softkoo/pcl/python-pcl/VTK-7.1.1/build/CMakeFiles/CMakeTmp

Run Build Command:"/usr/bin/make" "cmTC_c2862/fast"
/usr/bin/make -f CMakeFiles/cmTC_c2862.dir/build.make CMakeFiles/cmTC_c2862.dir/build
make[1]: Entering directory '/home/softkoo/pcl/python-pcl/VTK-7.1.1/build/CMakeFiles/CMakeTmp'
Building C object CMakeFiles/cmTC_c2862.dir/CheckFunctionExists.c.o
/usr/bin/cc -D_BSD_SOURCE -D_DEFAULT_SOURCE -D_FILE_OFFSET_BITS=64 -D_LARGEFILE64_SOURCE -D_LARGEFILE_SOURCE  -w -w -DCHECK_FUNCTION_EXISTS=GetConsoleScreenBufferInfo   -o CMakeFiles/cmTC_c2862.dir/CheckFunctionExists.c.o   -c /usr/share/cmake-3.10/Modules/CheckFunctionExists.c
Linking C executable cmTC_c2862
/usr/bin/cmake -E cmake_link_script CMakeFiles/cmTC_c2862.dir/link.txt --verbose=1
/usr/bin/cc   -w -w -DCHECK_FUNCTION_EXISTS=GetConsoleScreenBufferInfo    -rdynamic CMakeFiles/cmTC_c2862.dir/CheckFunctionExists.c.o  -o cmTC_c2862 -lm -ldl 
CMakeFiles/cmTC_c2862.dir/CheckFunctionExists.c.o: In function `main':
CheckFunctionExists.c:(.text+0x10): undefined reference to `GetConsoleScreenBufferInfo'
collect2: error: ld returned 1 exit status
CMakeFiles/cmTC_c2862.dir/build.make:97: recipe for target 'cmTC_c2862' failed
make[1]: *** [cmTC_c2862] Error 1
make[1]: Leaving directory '/home/softkoo/pcl/python-pcl/VTK-7.1.1/build/CMakeFiles/CMakeTmp'
Makefile:126: recipe for target 'cmTC_c2862/fast' failed
make: *** [cmTC_c2862/fast] Error 2


Determining if the function setsysinfo exists failed with the following output:
Change Dir: /home/softkoo/pcl/python-pcl/VTK-7.1.1/build/CMakeFiles/CMakeTmp

Run Build Command:"/usr/bin/make" "cmTC_4b813/fast"
/usr/bin/make -f CMakeFiles/cmTC_4b813.dir/build.make CMakeFiles/cmTC_4b813.dir/build
make[1]: Entering directory '/home/softkoo/pcl/python-pcl/VTK-7.1.1/build/CMakeFiles/CMakeTmp'
Building C object CMakeFiles/cmTC_4b813.dir/CheckFunctionExists.c.o
/usr/bin/cc -D_BSD_SOURCE -D_DEFAULT_SOURCE -D_FILE_OFFSET_BITS=64 -D_LARGEFILE64_SOURCE -D_LARGEFILE_SOURCE  -w -w -DCHECK_FUNCTION_EXISTS=setsysinfo   -o CMakeFiles/cmTC_4b813.dir/CheckFunctionExists.c.o   -c /usr/share/cmake-3.10/Modules/CheckFunctionExists.c
Linking C executable cmTC_4b813
/usr/bin/cmake -E cmake_link_script CMakeFiles/cmTC_4b813.dir/link.txt --verbose=1
/usr/bin/cc   -w -w -DCHECK_FUNCTION_EXISTS=setsysinfo    -rdynamic CMakeFiles/cmTC_4b813.dir/CheckFunctionExists.c.o  -o cmTC_4b813 -lm -ldl 
CMakeFiles/cmTC_4b813.dir/CheckFunctionExists.c.o: In function `main':
CheckFunctionExists.c:(.text+0x10): undefined reference to `setsysinfo'
collect2: error: ld returned 1 exit status
CMakeFiles/cmTC_4b813.dir/build.make:97: recipe for target 'cmTC_4b813' failed
make[1]: *** [cmTC_4b813] Error 1
make[1]: Leaving directory '/home/softkoo/pcl/python-pcl/VTK-7.1.1/build/CMakeFiles/CMakeTmp'
Makefile:126: recipe for target 'cmTC_4b813/fast' failed
make: *** [cmTC_4b813/fast] Error 2


Determining if the function sigsetjmp exists failed with the following output:
Change Dir: /home/softkoo/pcl/python-pcl/VTK-7.1.1/build/CMakeFiles/CMakeTmp

Run Build Command:"/usr/bin/make" "cmTC_d6506/fast"
/usr/bin/make -f CMakeFiles/cmTC_d6506.dir/build.make CMakeFiles/cmTC_d6506.dir/build
make[1]: Entering directory '/home/softkoo/pcl/python-pcl/VTK-7.1.1/build/CMakeFiles/CMakeTmp'
Building C object CMakeFiles/cmTC_d6506.dir/CheckFunctionExists.c.o
/usr/bin/cc -D_BSD_SOURCE -D_DEFAULT_SOURCE -D_FILE_OFFSET_BITS=64 -D_LARGEFILE64_SOURCE -D_LARGEFILE_SOURCE  -w -w -DCHECK_FUNCTION_EXISTS=sigsetjmp   -o CMakeFiles/cmTC_d6506.dir/CheckFunctionExists.c.o   -c /usr/share/cmake-3.10/Modules/CheckFunctionExists.c
Linking C executable cmTC_d6506
/usr/bin/cmake -E cmake_link_script CMakeFiles/cmTC_d6506.dir/link.txt --verbose=1
/usr/bin/cc   -w -w -DCHECK_FUNCTION_EXISTS=sigsetjmp    -rdynamic CMakeFiles/cmTC_d6506.dir/CheckFunctionExists.c.o  -o cmTC_d6506 -lm -ldl 
CMakeFiles/cmTC_d6506.dir/CheckFunctionExists.c.o: In function `main':
CheckFunctionExists.c:(.text+0x10): undefined reference to `sigsetjmp'
collect2: error: ld returned 1 exit status
CMakeFiles/cmTC_d6506.dir/build.make:97: recipe for target 'cmTC_d6506' failed
make[1]: *** [cmTC_d6506] Error 1
make[1]: Leaving directory '/home/softkoo/pcl/python-pcl/VTK-7.1.1/build/CMakeFiles/CMakeTmp'
Makefile:126: recipe for target 'cmTC_d6506/fast' failed
make: *** [cmTC_d6506/fast] Error 2


Performing CXX Test OLD_HEADER_FILENAME failed with the following output:
Change Dir: /home/softkoo/pcl/python-pcl/VTK-7.1.1/build/CMakeFiles/CMakeTmp

Run Build Command:"/usr/bin/make" "cmTC_d1cda/fast"
/usr/bin/make -f CMakeFiles/cmTC_d1cda.dir/build.make CMakeFiles/cmTC_d1cda.dir/build
make[1]: Entering directory '/home/softkoo/pcl/python-pcl/VTK-7.1.1/build/CMakeFiles/CMakeTmp'
Building CXX object CMakeFiles/cmTC_d1cda.dir/HDF5CXXTests.cpp.o
/usr/bin/c++    -w -w -DOLD_HEADER_FILENAME  -DHAVE_SYS_TIME_H -DHAVE_UNISTD_H -DHAVE_SYS_TYPES_H -DHAVE_SYS_SOCKET_H -D_FILE_OFFSET_BITS=64 -D_LARGEFILE64_SOURCE -D_LARGEFILE_SOURCE   -o CMakeFiles/cmTC_d1cda.dir/HDF5CXXTests.cpp.o -c /home/softkoo/pcl/python-pcl/VTK-7.1.1/ThirdParty/hdf5/vtkhdf5/config/cmake/HDF5CXXTests.cpp
Linking CXX executable cmTC_d1cda
/usr/bin/cmake -E cmake_link_script CMakeFiles/cmTC_d1cda.dir/link.txt --verbose=1
/usr/bin/c++    -w -w -DOLD_HEADER_FILENAME  -DHAVE_SYS_TIME_H -DHAVE_UNISTD_H -DHAVE_SYS_TYPES_H -DHAVE_SYS_SOCKET_H -D_FILE_OFFSET_BITS=64 -D_LARGEFILE64_SOURCE -D_LARGEFILE_SOURCE    -rdynamic CMakeFiles/cmTC_d1cda.dir/HDF5CXXTests.cpp.o  -o cmTC_d1cda -lm -ldl 
make[1]: Leaving directory '/home/softkoo/pcl/python-pcl/VTK-7.1.1/build/CMakeFiles/CMakeTmp'

Performing CXX Test H5_NO_NAMESPACE failed with the following output:
Change Dir: /home/softkoo/pcl/python-pcl/VTK-7.1.1/build/CMakeFiles/CMakeTmp

Run Build Command:"/usr/bin/make" "cmTC_5030c/fast"
/usr/bin/make -f CMakeFiles/cmTC_5030c.dir/build.make CMakeFiles/cmTC_5030c.dir/build
make[1]: Entering directory '/home/softkoo/pcl/python-pcl/VTK-7.1.1/build/CMakeFiles/CMakeTmp'
Building CXX object CMakeFiles/cmTC_5030c.dir/HDF5CXXTests.cpp.o
/usr/bin/c++    -w -w -DH5_NO_NAMESPACE  -DHAVE_SYS_TIME_H -DHAVE_UNISTD_H -DHAVE_SYS_TYPES_H -DHAVE_SYS_SOCKET_H -D_FILE_OFFSET_BITS=64 -D_LARGEFILE64_SOURCE -D_LARGEFILE_SOURCE   -o CMakeFiles/cmTC_5030c.dir/HDF5CXXTests.cpp.o -c /home/softkoo/pcl/python-pcl/VTK-7.1.1/ThirdParty/hdf5/vtkhdf5/config/cmake/HDF5CXXTests.cpp
Linking CXX executable cmTC_5030c
/usr/bin/cmake -E cmake_link_script CMakeFiles/cmTC_5030c.dir/link.txt --verbose=1
/usr/bin/c++    -w -w -DH5_NO_NAMESPACE  -DHAVE_SYS_TIME_H -DHAVE_UNISTD_H -DHAVE_SYS_TYPES_H -DHAVE_SYS_SOCKET_H -D_FILE_OFFSET_BITS=64 -D_LARGEFILE64_SOURCE -D_LARGEFILE_SOURCE    -rdynamic CMakeFiles/cmTC_5030c.dir/HDF5CXXTests.cpp.o  -o cmTC_5030c -lm -ldl 
make[1]: Leaving directory '/home/softkoo/pcl/python-pcl/VTK-7.1.1/build/CMakeFiles/CMakeTmp'

Performing CXX Test H5_NO_STD failed with the following output:
Change Dir: /home/softkoo/pcl/python-pcl/VTK-7.1.1/build/CMakeFiles/CMakeTmp

Run Build Command:"/usr/bin/make" "cmTC_fc1bd/fast"
/usr/bin/make -f CMakeFiles/cmTC_fc1bd.dir/build.make CMakeFiles/cmTC_fc1bd.dir/build
make[1]: Entering directory '/home/softkoo/pcl/python-pcl/VTK-7.1.1/build/CMakeFiles/CMakeTmp'
Building CXX object CMakeFiles/cmTC_fc1bd.dir/HDF5CXXTests.cpp.o
/usr/bin/c++    -w -w -DH5_NO_STD  -DHAVE_SYS_TIME_H -DHAVE_UNISTD_H -DHAVE_SYS_TYPES_H -DHAVE_SYS_SOCKET_H -D_FILE_OFFSET_BITS=64 -D_LARGEFILE64_SOURCE -D_LARGEFILE_SOURCE   -o CMakeFiles/cmTC_fc1bd.dir/HDF5CXXTests.cpp.o -c /home/softkoo/pcl/python-pcl/VTK-7.1.1/ThirdParty/hdf5/vtkhdf5/config/cmake/HDF5CXXTests.cpp
Linking CXX executable cmTC_fc1bd
/usr/bin/cmake -E cmake_link_script CMakeFiles/cmTC_fc1bd.dir/link.txt --verbose=1
/usr/bin/c++    -w -w -DH5_NO_STD  -DHAVE_SYS_TIME_H -DHAVE_UNISTD_H -DHAVE_SYS_TYPES_H -DHAVE_SYS_SOCKET_H -D_FILE_OFFSET_BITS=64 -D_LARGEFILE64_SOURCE -D_LARGEFILE_SOURCE    -rdynamic CMakeFiles/cmTC_fc1bd.dir/HDF5CXXTests.cpp.o  -o cmTC_fc1bd -lm -ldl 
make[1]: Leaving directory '/home/softkoo/pcl/python-pcl/VTK-7.1.1/build/CMakeFiles/CMakeTmp'

Performing CXX Test BOOL_NOTDEFINED failed with the following output:
Change Dir: /home/softkoo/pcl/python-pcl/VTK-7.1.1/build/CMakeFiles/CMakeTmp

Run Build Command:"/usr/bin/make" "cmTC_ef130/fast"
/usr/bin/make -f CMakeFiles/cmTC_ef130.dir/build.make CMakeFiles/cmTC_ef130.dir/build
make[1]: Entering directory '/home/softkoo/pcl/python-pcl/VTK-7.1.1/build/CMakeFiles/CMakeTmp'
Building CXX object CMakeFiles/cmTC_ef130.dir/HDF5CXXTests.cpp.o
/usr/bin/c++    -w -w -DBOOL_NOTDEFINED  -DHAVE_SYS_TIME_H -DHAVE_UNISTD_H -DHAVE_SYS_TYPES_H -DHAVE_SYS_SOCKET_H -D_FILE_OFFSET_BITS=64 -D_LARGEFILE64_SOURCE -D_LARGEFILE_SOURCE   -o CMakeFiles/cmTC_ef130.dir/HDF5CXXTests.cpp.o -c /home/softkoo/pcl/python-pcl/VTK-7.1.1/ThirdParty/hdf5/vtkhdf5/config/cmake/HDF5CXXTests.cpp
Linking CXX executable cmTC_ef130
/usr/bin/cmake -E cmake_link_script CMakeFiles/cmTC_ef130.dir/link.txt --verbose=1
/usr/bin/c++    -w -w -DBOOL_NOTDEFINED  -DHAVE_SYS_TIME_H -DHAVE_UNISTD_H -DHAVE_SYS_TYPES_H -DHAVE_SYS_SOCKET_H -D_FILE_OFFSET_BITS=64 -D_LARGEFILE64_SOURCE -D_LARGEFILE_SOURCE    -rdynamic CMakeFiles/cmTC_ef130.dir/HDF5CXXTests.cpp.o  -o cmTC_ef130 -lm -ldl 
make[1]: Leaving directory '/home/softkoo/pcl/python-pcl/VTK-7.1.1/build/CMakeFiles/CMakeTmp'

Performing CXX Test NO_STATIC_CAST failed with the following output:
Change Dir: /home/softkoo/pcl/python-pcl/VTK-7.1.1/build/CMakeFiles/CMakeTmp

Run Build Command:"/usr/bin/make" "cmTC_35be8/fast"
/usr/bin/make -f CMakeFiles/cmTC_35be8.dir/build.make CMakeFiles/cmTC_35be8.dir/build
make[1]: Entering directory '/home/softkoo/pcl/python-pcl/VTK-7.1.1/build/CMakeFiles/CMakeTmp'
Building CXX object CMakeFiles/cmTC_35be8.dir/HDF5CXXTests.cpp.o
/usr/bin/c++    -w -w -DNO_STATIC_CAST  -DHAVE_SYS_TIME_H -DHAVE_UNISTD_H -DHAVE_SYS_TYPES_H -DHAVE_SYS_SOCKET_H -D_FILE_OFFSET_BITS=64 -D_LARGEFILE64_SOURCE -D_LARGEFILE_SOURCE   -o CMakeFiles/cmTC_35be8.dir/HDF5CXXTests.cpp.o -c /home/softkoo/pcl/python-pcl/VTK-7.1.1/ThirdParty/hdf5/vtkhdf5/config/cmake/HDF5CXXTests.cpp
Linking CXX executable cmTC_35be8
/usr/bin/cmake -E cmake_link_script CMakeFiles/cmTC_35be8.dir/link.txt --verbose=1
/usr/bin/c++    -w -w -DNO_STATIC_CAST  -DHAVE_SYS_TIME_H -DHAVE_UNISTD_H -DHAVE_SYS_TYPES_H -DHAVE_SYS_SOCKET_H -D_FILE_OFFSET_BITS=64 -D_LARGEFILE64_SOURCE -D_LARGEFILE_SOURCE    -rdynamic CMakeFiles/cmTC_35be8.dir/HDF5CXXTests.cpp.o  -o cmTC_35be8 -lm -ldl 
make[1]: Leaving directory '/home/softkoo/pcl/python-pcl/VTK-7.1.1/build/CMakeFiles/CMakeTmp'

Test H5_FP_TO_ULLONG_RIGHT_MAXIMUM Run failed with the following output and exit code:
 Change Dir: /home/softkoo/pcl/python-pcl/VTK-7.1.1/build/ThirdParty/hdf5/vtkhdf5/CMake/CMakeFiles/CMakeTmp

Run Build Command:"/usr/bin/make" "cmTC_f994f/fast"
/usr/bin/make -f CMakeFiles/cmTC_f994f.dir/build.make CMakeFiles/cmTC_f994f.dir/build
make[1]: Entering directory '/home/softkoo/pcl/python-pcl/VTK-7.1.1/build/ThirdParty/hdf5/vtkhdf5/CMake/CMakeFiles/CMakeTmp'
Building C object CMakeFiles/cmTC_f994f.dir/ConversionTests.c.o
/usr/bin/cc   -w -w -DH5_FP_TO_ULLONG_RIGHT_MAXIMUM_TEST   -o CMakeFiles/cmTC_f994f.dir/ConversionTests.c.o   -c /home/softkoo/pcl/python-pcl/VTK-7.1.1/ThirdParty/hdf5/vtkhdf5/config/cmake/ConversionTests.c
Linking C executable cmTC_f994f
/usr/bin/cmake -E cmake_link_script CMakeFiles/cmTC_f994f.dir/link.txt --verbose=1
/usr/bin/cc   -w -w -DH5_FP_TO_ULLONG_RIGHT_MAXIMUM_TEST    -rdynamic CMakeFiles/cmTC_f994f.dir/ConversionTests.c.o  -o cmTC_f994f 
make[1]: Leaving directory '/home/softkoo/pcl/python-pcl/VTK-7.1.1/build/ThirdParty/hdf5/vtkhdf5/CMake/CMakeFiles/CMakeTmp'

Determining size of uchar failed with the following output:
Change Dir: /home/softkoo/pcl/python-pcl/VTK-7.1.1/build/CMakeFiles/CMakeTmp

Run Build Command:"/usr/bin/make" "cmTC_d5f75/fast"
/usr/bin/make -f CMakeFiles/cmTC_d5f75.dir/build.make CMakeFiles/cmTC_d5f75.dir/build
make[1]: Entering directory '/home/softkoo/pcl/python-pcl/VTK-7.1.1/build/CMakeFiles/CMakeTmp'
Building C object CMakeFiles/cmTC_d5f75.dir/SIZEOF_UCHAR.c.o
/usr/bin/cc   -w -w    -o CMakeFiles/cmTC_d5f75.dir/SIZEOF_UCHAR.c.o   -c /home/softkoo/pcl/python-pcl/VTK-7.1.1/build/CMakeFiles/CheckTypeSize/SIZEOF_UCHAR.c
/home/softkoo/pcl/python-pcl/VTK-7.1.1/build/CMakeFiles/CheckTypeSize/SIZEOF_UCHAR.c:23:22: error: ‘uchar’ undeclared here (not in a function); did you mean ‘u_char’?
 #define SIZE (sizeof(uchar))
                      ^
/home/softkoo/pcl/python-pcl/VTK-7.1.1/build/CMakeFiles/CheckTypeSize/SIZEOF_UCHAR.c:25:12: note: in expansion of macro ‘SIZE’
   ('0' + ((SIZE / 10000)%10)),
            ^~~~
CMakeFiles/cmTC_d5f75.dir/build.make:65: recipe for target 'CMakeFiles/cmTC_d5f75.dir/SIZEOF_UCHAR.c.o' failed
make[1]: *** [CMakeFiles/cmTC_d5f75.dir/SIZEOF_UCHAR.c.o] Error 1
make[1]: Leaving directory '/home/softkoo/pcl/python-pcl/VTK-7.1.1/build/CMakeFiles/CMakeTmp'
Makefile:126: recipe for target 'cmTC_d5f75/fast' failed
make: *** [cmTC_d5f75/fast] Error 2

/home/softkoo/pcl/python-pcl/VTK-7.1.1/build/CMakeFiles/CheckTypeSize/SIZEOF_UCHAR.c:
#include <sys/types.h>
#include <stdint.h>
#include <stddef.h>


#undef KEY
#if defined(__i386)
# define KEY '_','_','i','3','8','6'
#elif defined(__x86_64)
# define KEY '_','_','x','8','6','_','6','4'
#elif defined(__ppc__)
# define KEY '_','_','p','p','c','_','_'
#elif defined(__ppc64__)
# define KEY '_','_','p','p','c','6','4','_','_'
#elif defined(__aarch64__)
# define KEY '_','_','a','a','r','c','h','6','4','_','_'
#elif defined(__ARM_ARCH_7A__)
# define KEY '_','_','A','R','M','_','A','R','C','H','_','7','A','_','_'
#elif defined(__ARM_ARCH_7S__)
# define KEY '_','_','A','R','M','_','A','R','C','H','_','7','S','_','_'
#endif

#define SIZE (sizeof(uchar))
char info_size[] =  {'I', 'N', 'F', 'O', ':', 's','i','z','e','[',
  ('0' + ((SIZE / 10000)%10)),
  ('0' + ((SIZE / 1000)%10)),
  ('0' + ((SIZE / 100)%10)),
  ('0' + ((SIZE / 10)%10)),
  ('0' +  (SIZE    % 10)),
  ']',
#ifdef KEY
  ' ','k','e','y','[', KEY, ']',
#endif
  '\0'};

#ifdef __CLASSIC_C__
int main(argc, argv) int argc; char *argv[];
#else
int main(int argc, char *argv[])
#endif
{
  int require = 0;
  require += info_size[argc];
  (void)argv;
  return require;
}


Determining if the function shl_load exists in the dld;dl failed with the following output:
Change Dir: /home/softkoo/pcl/python-pcl/VTK-7.1.1/build/CMakeFiles/CMakeTmp

Run Build Command:"/usr/bin/make" "cmTC_67293/fast"
/usr/bin/make -f CMakeFiles/cmTC_67293.dir/build.make CMakeFiles/cmTC_67293.dir/build
make[1]: Entering directory '/home/softkoo/pcl/python-pcl/VTK-7.1.1/build/CMakeFiles/CMakeTmp'
Building C object CMakeFiles/cmTC_67293.dir/CheckFunctionExists.c.o
/usr/bin/cc   -w -w -DCHECK_FUNCTION_EXISTS=shl_load   -o CMakeFiles/cmTC_67293.dir/CheckFunctionExists.c.o   -c /usr/share/cmake-3.10/Modules/CheckFunctionExists.c
Linking C executable cmTC_67293
/usr/bin/cmake -E cmake_link_script CMakeFiles/cmTC_67293.dir/link.txt --verbose=1
/usr/bin/cc   -w -w -DCHECK_FUNCTION_EXISTS=shl_load    -rdynamic CMakeFiles/cmTC_67293.dir/CheckFunctionExists.c.o  -o cmTC_67293 -ldld -ldl 
/usr/bin/ld: cannot find -ldld
collect2: error: ld returned 1 exit status
CMakeFiles/cmTC_67293.dir/build.make:97: recipe for target 'cmTC_67293' failed
make[1]: *** [cmTC_67293] Error 1
make[1]: Leaving directory '/home/softkoo/pcl/python-pcl/VTK-7.1.1/build/CMakeFiles/CMakeTmp'
Makefile:126: recipe for target 'cmTC_67293/fast' failed
make: *** [cmTC_67293/fast] Error 2


Determining if files stdio.h;stddef.h;sys/types.h;inttypes.h;dlfcn.h;fcntl.h;malloc.h;memory.h;netdb.h;limits.h;sys/socket.h;netinet/in.h;sys/select.h;stdint.h;stdlib.h;string.h;strings.h;sys/stat.h;sys/time.h;time.h;unistd.h;signal.h;errno.h;ansidecl.h exist failed with the following output:
Change Dir: /home/softkoo/pcl/python-pcl/VTK-7.1.1/build/CMakeFiles/CMakeTmp

Run Build Command:"/usr/bin/make" "cmTC_92d99/fast"
/usr/bin/make -f CMakeFiles/cmTC_92d99.dir/build.make CMakeFiles/cmTC_92d99.dir/build
make[1]: Entering directory '/home/softkoo/pcl/python-pcl/VTK-7.1.1/build/CMakeFiles/CMakeTmp'
Building C object CMakeFiles/cmTC_92d99.dir/CheckIncludeFiles.c.o
/usr/bin/cc -D_GNU_SOURCE  -w -w    -o CMakeFiles/cmTC_92d99.dir/CheckIncludeFiles.c.o   -c /home/softkoo/pcl/python-pcl/VTK-7.1.1/build/CMakeFiles/CMakeTmp/CheckIncludeFiles.c
/home/softkoo/pcl/python-pcl/VTK-7.1.1/build/CMakeFiles/CMakeTmp/CheckIncludeFiles.c:25:10: fatal error: ansidecl.h: No such file or directory
 #include <ansidecl.h>
          ^~~~~~~~~~~~
compilation terminated.
CMakeFiles/cmTC_92d99.dir/build.make:65: recipe for target 'CMakeFiles/cmTC_92d99.dir/CheckIncludeFiles.c.o' failed
make[1]: *** [CMakeFiles/cmTC_92d99.dir/CheckIncludeFiles.c.o] Error 1
make[1]: Leaving directory '/home/softkoo/pcl/python-pcl/VTK-7.1.1/build/CMakeFiles/CMakeTmp'
Makefile:126: recipe for target 'cmTC_92d99/fast' failed
make: *** [cmTC_92d99/fast] Error 2

Source:
/* */
#include <stdio.h>
#include <stddef.h>
#include <sys/types.h>
#include <inttypes.h>
#include <dlfcn.h>
#include <fcntl.h>
#include <malloc.h>
#include <memory.h>
#include <netdb.h>
#include <limits.h>
#include <sys/socket.h>
#include <netinet/in.h>
#include <sys/select.h>
#include <stdint.h>
#include <stdlib.h>
#include <string.h>
#include <strings.h>
#include <sys/stat.h>
#include <sys/time.h>
#include <time.h>
#include <unistd.h>
#include <signal.h>
#include <errno.h>
#include <ansidecl.h>


int main(void){return 0;}

Determining if files stdio.h;stddef.h;sys/types.h;inttypes.h;dlfcn.h;fcntl.h;malloc.h;memory.h;netdb.h;limits.h;sys/socket.h;netinet/in.h;sys/select.h;stdint.h;stdlib.h;string.h;strings.h;sys/stat.h;sys/time.h;time.h;unistd.h;signal.h;errno.h;arpa/inet.h;arpa/nameser.h;ctype.h;dirent.h;dl.h exist failed with the following output:
Change Dir: /home/softkoo/pcl/python-pcl/VTK-7.1.1/build/CMakeFiles/CMakeTmp

Run Build Command:"/usr/bin/make" "cmTC_658b6/fast"
/usr/bin/make -f CMakeFiles/cmTC_658b6.dir/build.make CMakeFiles/cmTC_658b6.dir/build
make[1]: Entering directory '/home/softkoo/pcl/python-pcl/VTK-7.1.1/build/CMakeFiles/CMakeTmp'
Building C object CMakeFiles/cmTC_658b6.dir/CheckIncludeFiles.c.o
/usr/bin/cc -D_GNU_SOURCE  -w -w    -o CMakeFiles/cmTC_658b6.dir/CheckIncludeFiles.c.o   -c /home/softkoo/pcl/python-pcl/VTK-7.1.1/build/CMakeFiles/CMakeTmp/CheckIncludeFiles.c
/home/softkoo/pcl/python-pcl/VTK-7.1.1/build/CMakeFiles/CMakeTmp/CheckIncludeFiles.c:29:10: fatal error: dl.h: No such file or directory
 #include <dl.h>
          ^~~~~~
compilation terminated.
CMakeFiles/cmTC_658b6.dir/build.make:65: recipe for target 'CMakeFiles/cmTC_658b6.dir/CheckIncludeFiles.c.o' failed
make[1]: *** [CMakeFiles/cmTC_658b6.dir/CheckIncludeFiles.c.o] Error 1
make[1]: Leaving directory '/home/softkoo/pcl/python-pcl/VTK-7.1.1/build/CMakeFiles/CMakeTmp'
Makefile:126: recipe for target 'cmTC_658b6/fast' failed
make: *** [cmTC_658b6/fast] Error 2

Source:
/* */
#include <stdio.h>
#include <stddef.h>
#include <sys/types.h>
#include <inttypes.h>
#include <dlfcn.h>
#include <fcntl.h>
#include <malloc.h>
#include <memory.h>
#include <netdb.h>
#include <limits.h>
#include <sys/socket.h>
#include <netinet/in.h>
#include <sys/select.h>
#include <stdint.h>
#include <stdlib.h>
#include <string.h>
#include <strings.h>
#include <sys/stat.h>
#include <sys/time.h>
#include <time.h>
#include <unistd.h>
#include <signal.h>
#include <errno.h>
#include <arpa/inet.h>
#include <arpa/nameser.h>
#include <ctype.h>
#include <dirent.h>
#include <dl.h>


int main(void){return 0;}

Determining if files stdio.h;stddef.h;sys/types.h;inttypes.h;dlfcn.h;fcntl.h;malloc.h;memory.h;netdb.h;limits.h;sys/socket.h;netinet/in.h;sys/select.h;stdint.h;stdlib.h;string.h;strings.h;sys/stat.h;sys/time.h;time.h;unistd.h;signal.h;errno.h;arpa/inet.h;arpa/nameser.h;ctype.h;dirent.h;float.h;fp_class.h exist failed with the following output:
Change Dir: /home/softkoo/pcl/python-pcl/VTK-7.1.1/build/CMakeFiles/CMakeTmp

Run Build Command:"/usr/bin/make" "cmTC_ee4f0/fast"
/usr/bin/make -f CMakeFiles/cmTC_ee4f0.dir/build.make CMakeFiles/cmTC_ee4f0.dir/build
make[1]: Entering directory '/home/softkoo/pcl/python-pcl/VTK-7.1.1/build/CMakeFiles/CMakeTmp'
Building C object CMakeFiles/cmTC_ee4f0.dir/CheckIncludeFiles.c.o
/usr/bin/cc -D_GNU_SOURCE  -w -w    -o CMakeFiles/cmTC_ee4f0.dir/CheckIncludeFiles.c.o   -c /home/softkoo/pcl/python-pcl/VTK-7.1.1/build/CMakeFiles/CMakeTmp/CheckIncludeFiles.c
/home/softkoo/pcl/python-pcl/VTK-7.1.1/build/CMakeFiles/CMakeTmp/CheckIncludeFiles.c:30:10: fatal error: fp_class.h: No such file or directory
 #include <fp_class.h>
          ^~~~~~~~~~~~
compilation terminated.
CMakeFiles/cmTC_ee4f0.dir/build.make:65: recipe for target 'CMakeFiles/cmTC_ee4f0.dir/CheckIncludeFiles.c.o' failed
make[1]: *** [CMakeFiles/cmTC_ee4f0.dir/CheckIncludeFiles.c.o] Error 1
make[1]: Leaving directory '/home/softkoo/pcl/python-pcl/VTK-7.1.1/build/CMakeFiles/CMakeTmp'
Makefile:126: recipe for target 'cmTC_ee4f0/fast' failed
make: *** [cmTC_ee4f0/fast] Error 2

Source:
/* */
#include <stdio.h>
#include <stddef.h>
#include <sys/types.h>
#include <inttypes.h>
#include <dlfcn.h>
#include <fcntl.h>
#include <malloc.h>
#include <memory.h>
#include <netdb.h>
#include <limits.h>
#include <sys/socket.h>
#include <netinet/in.h>
#include <sys/select.h>
#include <stdint.h>
#include <stdlib.h>
#include <string.h>
#include <strings.h>
#include <sys/stat.h>
#include <sys/time.h>
#include <time.h>
#include <unistd.h>
#include <signal.h>
#include <errno.h>
#include <arpa/inet.h>
#include <arpa/nameser.h>
#include <ctype.h>
#include <dirent.h>
#include <float.h>
#include <fp_class.h>


int main(void){return 0;}

Determining if files stdio.h;stddef.h;sys/types.h;inttypes.h;dlfcn.h;fcntl.h;malloc.h;memory.h;netdb.h;limits.h;sys/socket.h;netinet/in.h;sys/select.h;stdint.h;stdlib.h;string.h;strings.h;sys/stat.h;sys/time.h;time.h;unistd.h;signal.h;errno.h;arpa/inet.h;arpa/nameser.h;ctype.h;dirent.h;float.h;ieeefp.h exist failed with the following output:
Change Dir: /home/softkoo/pcl/python-pcl/VTK-7.1.1/build/CMakeFiles/CMakeTmp

Run Build Command:"/usr/bin/make" "cmTC_0af3f/fast"
/usr/bin/make -f CMakeFiles/cmTC_0af3f.dir/build.make CMakeFiles/cmTC_0af3f.dir/build
make[1]: Entering directory '/home/softkoo/pcl/python-pcl/VTK-7.1.1/build/CMakeFiles/CMakeTmp'
Building C object CMakeFiles/cmTC_0af3f.dir/CheckIncludeFiles.c.o
/usr/bin/cc -D_GNU_SOURCE  -w -w    -o CMakeFiles/cmTC_0af3f.dir/CheckIncludeFiles.c.o   -c /home/softkoo/pcl/python-pcl/VTK-7.1.1/build/CMakeFiles/CMakeTmp/CheckIncludeFiles.c
/home/softkoo/pcl/python-pcl/VTK-7.1.1/build/CMakeFiles/CMakeTmp/CheckIncludeFiles.c:30:10: fatal error: ieeefp.h: No such file or directory
 #include <ieeefp.h>
          ^~~~~~~~~~
compilation terminated.
CMakeFiles/cmTC_0af3f.dir/build.make:65: recipe for target 'CMakeFiles/cmTC_0af3f.dir/CheckIncludeFiles.c.o' failed
make[1]: *** [CMakeFiles/cmTC_0af3f.dir/CheckIncludeFiles.c.o] Error 1
make[1]: Leaving directory '/home/softkoo/pcl/python-pcl/VTK-7.1.1/build/CMakeFiles/CMakeTmp'
Makefile:126: recipe for target 'cmTC_0af3f/fast' failed
make: *** [cmTC_0af3f/fast] Error 2

Source:
/* */
#include <stdio.h>
#include <stddef.h>
#include <sys/types.h>
#include <inttypes.h>
#include <dlfcn.h>
#include <fcntl.h>
#include <malloc.h>
#include <memory.h>
#include <netdb.h>
#include <limits.h>
#include <sys/socket.h>
#include <netinet/in.h>
#include <sys/select.h>
#include <stdint.h>
#include <stdlib.h>
#include <string.h>
#include <strings.h>
#include <sys/stat.h>
#include <sys/time.h>
#include <time.h>
#include <unistd.h>
#include <signal.h>
#include <errno.h>
#include <arpa/inet.h>
#include <arpa/nameser.h>
#include <ctype.h>
#include <dirent.h>
#include <float.h>
#include <ieeefp.h>


int main(void){return 0;}

Determining if files stdio.h;stddef.h;sys/types.h;inttypes.h;dlfcn.h;fcntl.h;malloc.h;memory.h;netdb.h;limits.h;sys/socket.h;netinet/in.h;sys/select.h;stdint.h;stdlib.h;string.h;strings.h;sys/stat.h;sys/time.h;time.h;unistd.h;signal.h;errno.h;arpa/inet.h;arpa/nameser.h;ctype.h;dirent.h;float.h;math.h;nan.h exist failed with the following output:
Change Dir: /home/softkoo/pcl/python-pcl/VTK-7.1.1/build/CMakeFiles/CMakeTmp

Run Build Command:"/usr/bin/make" "cmTC_c41da/fast"
/usr/bin/make -f CMakeFiles/cmTC_c41da.dir/build.make CMakeFiles/cmTC_c41da.dir/build
make[1]: Entering directory '/home/softkoo/pcl/python-pcl/VTK-7.1.1/build/CMakeFiles/CMakeTmp'
Building C object CMakeFiles/cmTC_c41da.dir/CheckIncludeFiles.c.o
/usr/bin/cc -D_GNU_SOURCE  -w -w    -o CMakeFiles/cmTC_c41da.dir/CheckIncludeFiles.c.o   -c /home/softkoo/pcl/python-pcl/VTK-7.1.1/build/CMakeFiles/CMakeTmp/CheckIncludeFiles.c
/home/softkoo/pcl/python-pcl/VTK-7.1.1/build/CMakeFiles/CMakeTmp/CheckIncludeFiles.c:31:10: fatal error: nan.h: No such file or directory
 #include <nan.h>
          ^~~~~~~
compilation terminated.
CMakeFiles/cmTC_c41da.dir/build.make:65: recipe for target 'CMakeFiles/cmTC_c41da.dir/CheckIncludeFiles.c.o' failed
make[1]: *** [CMakeFiles/cmTC_c41da.dir/CheckIncludeFiles.c.o] Error 1
make[1]: Leaving directory '/home/softkoo/pcl/python-pcl/VTK-7.1.1/build/CMakeFiles/CMakeTmp'
Makefile:126: recipe for target 'cmTC_c41da/fast' failed
make: *** [cmTC_c41da/fast] Error 2

Source:
/* */
#include <stdio.h>
#include <stddef.h>
#include <sys/types.h>
#include <inttypes.h>
#include <dlfcn.h>
#include <fcntl.h>
#include <malloc.h>
#include <memory.h>
#include <netdb.h>
#include <limits.h>
#include <sys/socket.h>
#include <netinet/in.h>
#include <sys/select.h>
#include <stdint.h>
#include <stdlib.h>
#include <string.h>
#include <strings.h>
#include <sys/stat.h>
#include <sys/time.h>
#include <time.h>
#include <unistd.h>
#include <signal.h>
#include <errno.h>
#include <arpa/inet.h>
#include <arpa/nameser.h>
#include <ctype.h>
#include <dirent.h>
#include <float.h>
#include <math.h>
#include <nan.h>


int main(void){return 0;}

Determining if files stdio.h;stddef.h;sys/types.h;inttypes.h;dlfcn.h;fcntl.h;malloc.h;memory.h;netdb.h;limits.h;sys/socket.h;netinet/in.h;sys/select.h;stdint.h;stdlib.h;string.h;strings.h;sys/stat.h;sys/time.h;time.h;unistd.h;signal.h;errno.h;arpa/inet.h;arpa/nameser.h;ctype.h;dirent.h;float.h;math.h;ndir.h exist failed with the following output:
Change Dir: /home/softkoo/pcl/python-pcl/VTK-7.1.1/build/CMakeFiles/CMakeTmp

Run Build Command:"/usr/bin/make" "cmTC_958eb/fast"
/usr/bin/make -f CMakeFiles/cmTC_958eb.dir/build.make CMakeFiles/cmTC_958eb.dir/build
make[1]: Entering directory '/home/softkoo/pcl/python-pcl/VTK-7.1.1/build/CMakeFiles/CMakeTmp'
Building C object CMakeFiles/cmTC_958eb.dir/CheckIncludeFiles.c.o
/usr/bin/cc -D_GNU_SOURCE  -w -w    -o CMakeFiles/cmTC_958eb.dir/CheckIncludeFiles.c.o   -c /home/softkoo/pcl/python-pcl/VTK-7.1.1/build/CMakeFiles/CMakeTmp/CheckIncludeFiles.c
/home/softkoo/pcl/python-pcl/VTK-7.1.1/build/CMakeFiles/CMakeTmp/CheckIncludeFiles.c:31:10: fatal error: ndir.h: No such file or directory
 #include <ndir.h>
          ^~~~~~~~
compilation terminated.
CMakeFiles/cmTC_958eb.dir/build.make:65: recipe for target 'CMakeFiles/cmTC_958eb.dir/CheckIncludeFiles.c.o' failed
make[1]: *** [CMakeFiles/cmTC_958eb.dir/CheckIncludeFiles.c.o] Error 1
make[1]: Leaving directory '/home/softkoo/pcl/python-pcl/VTK-7.1.1/build/CMakeFiles/CMakeTmp'
Makefile:126: recipe for target 'cmTC_958eb/fast' failed
make: *** [cmTC_958eb/fast] Error 2

Source:
/* */
#include <stdio.h>
#include <stddef.h>
#include <sys/types.h>
#include <inttypes.h>
#include <dlfcn.h>
#include <fcntl.h>
#include <malloc.h>
#include <memory.h>
#include <netdb.h>
#include <limits.h>
#include <sys/socket.h>
#include <netinet/in.h>
#include <sys/select.h>
#include <stdint.h>
#include <stdlib.h>
#include <string.h>
#include <strings.h>
#include <sys/stat.h>
#include <sys/time.h>
#include <time.h>
#include <unistd.h>
#include <signal.h>
#include <errno.h>
#include <arpa/inet.h>
#include <arpa/nameser.h>
#include <ctype.h>
#include <dirent.h>
#include <float.h>
#include <math.h>
#include <ndir.h>


int main(void){return 0;}

Determining if the fpclass exist failed with the following output:
Change Dir: /home/softkoo/pcl/python-pcl/VTK-7.1.1/build/CMakeFiles/CMakeTmp

Run Build Command:"/usr/bin/make" "cmTC_9ac94/fast"
/usr/bin/make -f CMakeFiles/cmTC_9ac94.dir/build.make CMakeFiles/cmTC_9ac94.dir/build
make[1]: Entering directory '/home/softkoo/pcl/python-pcl/VTK-7.1.1/build/CMakeFiles/CMakeTmp'
Building C object CMakeFiles/cmTC_9ac94.dir/CheckSymbolExists.c.o
/usr/bin/cc -D_GNU_SOURCE  -w -w    -o CMakeFiles/cmTC_9ac94.dir/CheckSymbolExists.c.o   -c /home/softkoo/pcl/python-pcl/VTK-7.1.1/build/CMakeFiles/CMakeTmp/CheckSymbolExists.c
/home/softkoo/pcl/python-pcl/VTK-7.1.1/build/CMakeFiles/CMakeTmp/CheckSymbolExists.c: In function ‘main’:
/home/softkoo/pcl/python-pcl/VTK-7.1.1/build/CMakeFiles/CMakeTmp/CheckSymbolExists.c:41:19: error: ‘fpclass’ undeclared (first use in this function); did you mean ‘p_class’?
   return ((int*)(&fpclass))[argc];
                   ^~~~~~~
                   p_class
/home/softkoo/pcl/python-pcl/VTK-7.1.1/build/CMakeFiles/CMakeTmp/CheckSymbolExists.c:41:19: note: each undeclared identifier is reported only once for each function it appears in
CMakeFiles/cmTC_9ac94.dir/build.make:65: recipe for target 'CMakeFiles/cmTC_9ac94.dir/CheckSymbolExists.c.o' failed
make[1]: *** [CMakeFiles/cmTC_9ac94.dir/CheckSymbolExists.c.o] Error 1
make[1]: Leaving directory '/home/softkoo/pcl/python-pcl/VTK-7.1.1/build/CMakeFiles/CMakeTmp'
Makefile:126: recipe for target 'cmTC_9ac94/fast' failed
make: *** [cmTC_9ac94/fast] Error 2

File /home/softkoo/pcl/python-pcl/VTK-7.1.1/build/CMakeFiles/CMakeTmp/CheckSymbolExists.c:
/* */
#include <stdio.h>
#include <stddef.h>
#include <sys/types.h>
#include <inttypes.h>
#include <dlfcn.h>
#include <fcntl.h>
#include <malloc.h>
#include <memory.h>
#include <netdb.h>
#include <limits.h>
#include <sys/socket.h>
#include <netinet/in.h>
#include <sys/select.h>
#include <stdint.h>
#include <stdlib.h>
#include <string.h>
#include <strings.h>
#include <sys/stat.h>
#include <sys/time.h>
#include <time.h>
#include <unistd.h>
#include <signal.h>
#include <errno.h>
#include <arpa/inet.h>
#include <arpa/nameser.h>
#include <ctype.h>
#include <dirent.h>
#include <float.h>
#include <math.h>
#include <pthread.h>
#include <resolv.h>
#include <stdarg.h>
#include <sys/mman.h>
#include <sys/timeb.h>

int main(int argc, char** argv)
{
  (void)argv;
#ifndef fpclass
  return ((int*)(&fpclass))[argc];
#else
  (void)argc;
  return 0;
#endif
}

Determining if the fp_class exist failed with the following output:
Change Dir: /home/softkoo/pcl/python-pcl/VTK-7.1.1/build/CMakeFiles/CMakeTmp

Run Build Command:"/usr/bin/make" "cmTC_85f09/fast"
/usr/bin/make -f CMakeFiles/cmTC_85f09.dir/build.make CMakeFiles/cmTC_85f09.dir/build
make[1]: Entering directory '/home/softkoo/pcl/python-pcl/VTK-7.1.1/build/CMakeFiles/CMakeTmp'
Building C object CMakeFiles/cmTC_85f09.dir/CheckSymbolExists.c.o
/usr/bin/cc -D_GNU_SOURCE  -w -w    -o CMakeFiles/cmTC_85f09.dir/CheckSymbolExists.c.o   -c /home/softkoo/pcl/python-pcl/VTK-7.1.1/build/CMakeFiles/CMakeTmp/CheckSymbolExists.c
/home/softkoo/pcl/python-pcl/VTK-7.1.1/build/CMakeFiles/CMakeTmp/CheckSymbolExists.c: In function ‘main’:
/home/softkoo/pcl/python-pcl/VTK-7.1.1/build/CMakeFiles/CMakeTmp/CheckSymbolExists.c:41:19: error: ‘fp_class’ undeclared (first use in this function); did you mean ‘p_class’?
   return ((int*)(&fp_class))[argc];
                   ^~~~~~~~
                   p_class
/home/softkoo/pcl/python-pcl/VTK-7.1.1/build/CMakeFiles/CMakeTmp/CheckSymbolExists.c:41:19: note: each undeclared identifier is reported only once for each function it appears in
CMakeFiles/cmTC_85f09.dir/build.make:65: recipe for target 'CMakeFiles/cmTC_85f09.dir/CheckSymbolExists.c.o' failed
make[1]: *** [CMakeFiles/cmTC_85f09.dir/CheckSymbolExists.c.o] Error 1
make[1]: Leaving directory '/home/softkoo/pcl/python-pcl/VTK-7.1.1/build/CMakeFiles/CMakeTmp'
Makefile:126: recipe for target 'cmTC_85f09/fast' failed
make: *** [cmTC_85f09/fast] Error 2

File /home/softkoo/pcl/python-pcl/VTK-7.1.1/build/CMakeFiles/CMakeTmp/CheckSymbolExists.c:
/* */
#include <stdio.h>
#include <stddef.h>
#include <sys/types.h>
#include <inttypes.h>
#include <dlfcn.h>
#include <fcntl.h>
#include <malloc.h>
#include <memory.h>
#include <netdb.h>
#include <limits.h>
#include <sys/socket.h>
#include <netinet/in.h>
#include <sys/select.h>
#include <stdint.h>
#include <stdlib.h>
#include <string.h>
#include <strings.h>
#include <sys/stat.h>
#include <sys/time.h>
#include <time.h>
#include <unistd.h>
#include <signal.h>
#include <errno.h>
#include <arpa/inet.h>
#include <arpa/nameser.h>
#include <ctype.h>
#include <dirent.h>
#include <float.h>
#include <math.h>
#include <pthread.h>
#include <resolv.h>
#include <stdarg.h>
#include <sys/mman.h>
#include <sys/timeb.h>

int main(int argc, char** argv)
{
  (void)argv;
#ifndef fp_class
  return ((int*)(&fp_class))[argc];
#else
  (void)argc;
  return 0;
#endif
}

Determining if the _stat exist failed with the following output:
Change Dir: /home/softkoo/pcl/python-pcl/VTK-7.1.1/build/CMakeFiles/CMakeTmp

Run Build Command:"/usr/bin/make" "cmTC_c87d5/fast"
/usr/bin/make -f CMakeFiles/cmTC_c87d5.dir/build.make CMakeFiles/cmTC_c87d5.dir/build
make[1]: Entering directory '/home/softkoo/pcl/python-pcl/VTK-7.1.1/build/CMakeFiles/CMakeTmp'
Building C object CMakeFiles/cmTC_c87d5.dir/CheckSymbolExists.c.o
/usr/bin/cc -D_GNU_SOURCE  -w -w    -o CMakeFiles/cmTC_c87d5.dir/CheckSymbolExists.c.o   -c /home/softkoo/pcl/python-pcl/VTK-7.1.1/build/CMakeFiles/CMakeTmp/CheckSymbolExists.c
/home/softkoo/pcl/python-pcl/VTK-7.1.1/build/CMakeFiles/CMakeTmp/CheckSymbolExists.c: In function ‘main’:
/home/softkoo/pcl/python-pcl/VTK-7.1.1/build/CMakeFiles/CMakeTmp/CheckSymbolExists.c:41:19: error: ‘_stat’ undeclared (first use in this function); did you mean ‘lstat’?
   return ((int*)(&_stat))[argc];
                   ^~~~~
                   lstat
/home/softkoo/pcl/python-pcl/VTK-7.1.1/build/CMakeFiles/CMakeTmp/CheckSymbolExists.c:41:19: note: each undeclared identifier is reported only once for each function it appears in
CMakeFiles/cmTC_c87d5.dir/build.make:65: recipe for target 'CMakeFiles/cmTC_c87d5.dir/CheckSymbolExists.c.o' failed
make[1]: *** [CMakeFiles/cmTC_c87d5.dir/CheckSymbolExists.c.o] Error 1
make[1]: Leaving directory '/home/softkoo/pcl/python-pcl/VTK-7.1.1/build/CMakeFiles/CMakeTmp'
Makefile:126: recipe for target 'cmTC_c87d5/fast' failed
make: *** [cmTC_c87d5/fast] Error 2

File /home/softkoo/pcl/python-pcl/VTK-7.1.1/build/CMakeFiles/CMakeTmp/CheckSymbolExists.c:
/* */
#include <stdio.h>
#include <stddef.h>
#include <sys/types.h>
#include <inttypes.h>
#include <dlfcn.h>
#include <fcntl.h>
#include <malloc.h>
#include <memory.h>
#include <netdb.h>
#include <limits.h>
#include <sys/socket.h>
#include <netinet/in.h>
#include <sys/select.h>
#include <stdint.h>
#include <stdlib.h>
#include <string.h>
#include <strings.h>
#include <sys/stat.h>
#include <sys/time.h>
#include <time.h>
#include <unistd.h>
#include <signal.h>
#include <errno.h>
#include <arpa/inet.h>
#include <arpa/nameser.h>
#include <ctype.h>
#include <dirent.h>
#include <float.h>
#include <math.h>
#include <pthread.h>
#include <resolv.h>
#include <stdarg.h>
#include <sys/mman.h>
#include <sys/timeb.h>

int main(int argc, char** argv)
{
  (void)argv;
#ifndef _stat
  return ((int*)(&_stat))[argc];
#else
  (void)argc;
  return 0;
#endif
}

Checking for DIR in sys/ndir.h failed to compile with the following output:
Change Dir: /home/softkoo/pcl/python-pcl/VTK-7.1.1/build/ThirdParty/libxml2/vtklibxml2/CMakeFiles/CMakeTmp

Run Build Command:"/usr/bin/make" "cmTC_eb57a/fast"
/usr/bin/make -f CMakeFiles/cmTC_eb57a.dir/build.make CMakeFiles/cmTC_eb57a.dir/build
make[1]: Entering directory '/home/softkoo/pcl/python-pcl/VTK-7.1.1/build/ThirdParty/libxml2/vtklibxml2/CMakeFiles/CMakeTmp'
Building C object CMakeFiles/cmTC_eb57a.dir/platformTestsC.c.o
/usr/bin/cc -DTEST_HAVE_SYS_NDIR_H  -w -w    -o CMakeFiles/cmTC_eb57a.dir/platformTestsC.c.o   -c /home/softkoo/pcl/python-pcl/VTK-7.1.1/ThirdParty/libxml2/vtklibxml2/platformTestsC.c
/home/softkoo/pcl/python-pcl/VTK-7.1.1/ThirdParty/libxml2/vtklibxml2/platformTestsC.c:82:10: fatal error: sys/ndir.h: No such file or directory
 #include <sys/ndir.h>
          ^~~~~~~~~~~~
compilation terminated.
CMakeFiles/cmTC_eb57a.dir/build.make:65: recipe for target 'CMakeFiles/cmTC_eb57a.dir/platformTestsC.c.o' failed
make[1]: *** [CMakeFiles/cmTC_eb57a.dir/platformTestsC.c.o] Error 1
make[1]: Leaving directory '/home/softkoo/pcl/python-pcl/VTK-7.1.1/build/ThirdParty/libxml2/vtklibxml2/CMakeFiles/CMakeTmp'
Makefile:126: recipe for target 'cmTC_eb57a/fast' failed
make: *** [cmTC_eb57a/fast] Error 2


Performing Other Test HAVE___TM_GMTOFF failed with the following output:
Change Dir: /home/softkoo/pcl/python-pcl/VTK-7.1.1/build/CMakeFiles/CMakeTmp

Run Build Command:"/usr/bin/make" "cmTC_6bc26/fast"
/usr/bin/make -f CMakeFiles/cmTC_6bc26.dir/build.make CMakeFiles/cmTC_6bc26.dir/build
make[1]: Entering directory '/home/softkoo/pcl/python-pcl/VTK-7.1.1/build/CMakeFiles/CMakeTmp'
Building C object CMakeFiles/cmTC_6bc26.dir/HDF5Tests.c.o
/usr/bin/cc   -w -w -DHAVE___TM_GMTOFF  -DHAVE_SYS_TIME_H -DHAVE_UNISTD_H -DHAVE_SYS_TYPES_H -DHAVE_SYS_SOCKET_H -D_FILE_OFFSET_BITS=64 -D_LARGEFILE64_SOURCE -D_LARGEFILE_SOURCE   -o CMakeFiles/cmTC_6bc26.dir/HDF5Tests.c.o   -c /home/softkoo/pcl/python-pcl/VTK-7.1.1/ThirdParty/hdf5/vtkhdf5/config/cmake/HDF5Tests.c
/home/softkoo/pcl/python-pcl/VTK-7.1.1/ThirdParty/hdf5/vtkhdf5/config/cmake/HDF5Tests.c: In function ‘main’:
/home/softkoo/pcl/python-pcl/VTK-7.1.1/ThirdParty/hdf5/vtkhdf5/config/cmake/HDF5Tests.c:191:30: error: ‘struct tm’ has no member named ‘__tm_gmtoff’; did you mean ‘tm_gmtoff’?
 SIMPLE_TEST(struct tm tm; tm.__tm_gmtoff=0);
                              ^
/home/softkoo/pcl/python-pcl/VTK-7.1.1/ThirdParty/hdf5/vtkhdf5/config/cmake/HDF5Tests.c:1:36: note: in definition of macro ‘SIMPLE_TEST’
 #define SIMPLE_TEST(x) int main(){ x; return 0; }
                                    ^
CMakeFiles/cmTC_6bc26.dir/build.make:65: recipe for target 'CMakeFiles/cmTC_6bc26.dir/HDF5Tests.c.o' failed
make[1]: *** [CMakeFiles/cmTC_6bc26.dir/HDF5Tests.c.o] Error 1
make[1]: Leaving directory '/home/softkoo/pcl/python-pcl/VTK-7.1.1/build/CMakeFiles/CMakeTmp'
Makefile:126: recipe for target 'cmTC_6bc26/fast' failed
make: *** [cmTC_6bc26/fast] Error 2

Performing Other Test HAVE_STRUCT_VIDEOCONFIG failed with the following output:
Change Dir: /home/softkoo/pcl/python-pcl/VTK-7.1.1/build/CMakeFiles/CMakeTmp

Run Build Command:"/usr/bin/make" "cmTC_dd2c6/fast"
/usr/bin/make -f CMakeFiles/cmTC_dd2c6.dir/build.make CMakeFiles/cmTC_dd2c6.dir/build
make[1]: Entering directory '/home/softkoo/pcl/python-pcl/VTK-7.1.1/build/CMakeFiles/CMakeTmp'
Building C object CMakeFiles/cmTC_dd2c6.dir/HDF5Tests.c.o
/usr/bin/cc   -w -w -DHAVE_STRUCT_VIDEOCONFIG  -DHAVE_SYS_TIME_H -DHAVE_UNISTD_H -DHAVE_SYS_TYPES_H -DHAVE_SYS_SOCKET_H -D_FILE_OFFSET_BITS=64 -D_LARGEFILE64_SOURCE -D_LARGEFILE_SOURCE   -o CMakeFiles/cmTC_dd2c6.dir/HDF5Tests.c.o   -c /home/softkoo/pcl/python-pcl/VTK-7.1.1/ThirdParty/hdf5/vtkhdf5/config/cmake/HDF5Tests.c
/home/softkoo/pcl/python-pcl/VTK-7.1.1/ThirdParty/hdf5/vtkhdf5/config/cmake/HDF5Tests.c: In function ‘main’:
/home/softkoo/pcl/python-pcl/VTK-7.1.1/ThirdParty/hdf5/vtkhdf5/config/cmake/HDF5Tests.c:474:32: error: storage size of ‘w’ isn’t known
 SIMPLE_TEST(struct videoconfig w; w.numtextcols=0);
                                ^
/home/softkoo/pcl/python-pcl/VTK-7.1.1/ThirdParty/hdf5/vtkhdf5/config/cmake/HDF5Tests.c:1:36: note: in definition of macro ‘SIMPLE_TEST’
 #define SIMPLE_TEST(x) int main(){ x; return 0; }
                                    ^
CMakeFiles/cmTC_dd2c6.dir/build.make:65: recipe for target 'CMakeFiles/cmTC_dd2c6.dir/HDF5Tests.c.o' failed
make[1]: *** [CMakeFiles/cmTC_dd2c6.dir/HDF5Tests.c.o] Error 1
make[1]: Leaving directory '/home/softkoo/pcl/python-pcl/VTK-7.1.1/build/CMakeFiles/CMakeTmp'
Makefile:126: recipe for target 'cmTC_dd2c6/fast' failed
make: *** [cmTC_dd2c6/fast] Error 2

Performing Other Test HAVE_STRUCT_TEXT_INFO failed with the following output:
Change Dir: /home/softkoo/pcl/python-pcl/VTK-7.1.1/build/CMakeFiles/CMakeTmp

Run Build Command:"/usr/bin/make" "cmTC_e9dac/fast"
/usr/bin/make -f CMakeFiles/cmTC_e9dac.dir/build.make CMakeFiles/cmTC_e9dac.dir/build
make[1]: Entering directory '/home/softkoo/pcl/python-pcl/VTK-7.1.1/build/CMakeFiles/CMakeTmp'
Building C object CMakeFiles/cmTC_e9dac.dir/HDF5Tests.c.o
/usr/bin/cc   -w -w -DHAVE_STRUCT_TEXT_INFO  -DHAVE_SYS_TIME_H -DHAVE_UNISTD_H -DHAVE_SYS_TYPES_H -DHAVE_SYS_SOCKET_H -D_FILE_OFFSET_BITS=64 -D_LARGEFILE64_SOURCE -D_LARGEFILE_SOURCE   -o CMakeFiles/cmTC_e9dac.dir/HDF5Tests.c.o   -c /home/softkoo/pcl/python-pcl/VTK-7.1.1/ThirdParty/hdf5/vtkhdf5/config/cmake/HDF5Tests.c
/home/softkoo/pcl/python-pcl/VTK-7.1.1/ThirdParty/hdf5/vtkhdf5/config/cmake/HDF5Tests.c: In function ‘main’:
/home/softkoo/pcl/python-pcl/VTK-7.1.1/ThirdParty/hdf5/vtkhdf5/config/cmake/HDF5Tests.c:480:30: error: storage size of ‘w’ isn’t known
 SIMPLE_TEST(struct text_info w; w.screenwidth=0);
                              ^
/home/softkoo/pcl/python-pcl/VTK-7.1.1/ThirdParty/hdf5/vtkhdf5/config/cmake/HDF5Tests.c:1:36: note: in definition of macro ‘SIMPLE_TEST’
 #define SIMPLE_TEST(x) int main(){ x; return 0; }
                                    ^
CMakeFiles/cmTC_e9dac.dir/build.make:65: recipe for target 'CMakeFiles/cmTC_e9dac.dir/HDF5Tests.c.o' failed
make[1]: *** [CMakeFiles/cmTC_e9dac.dir/HDF5Tests.c.o] Error 1
make[1]: Leaving directory '/home/softkoo/pcl/python-pcl/VTK-7.1.1/build/CMakeFiles/CMakeTmp'
Makefile:126: recipe for target 'cmTC_e9dac/fast' failed
make: *** [cmTC_e9dac/fast] Error 2

Performing CXX Test OLD_HEADER_FILENAME failed with the following output:
Change Dir: /home/softkoo/pcl/python-pcl/VTK-7.1.1/build/CMakeFiles/CMakeTmp

Run Build Command:"/usr/bin/make" "cmTC_4706a/fast"
/usr/bin/make -f CMakeFiles/cmTC_4706a.dir/build.make CMakeFiles/cmTC_4706a.dir/build
make[1]: Entering directory '/home/softkoo/pcl/python-pcl/VTK-7.1.1/build/CMakeFiles/CMakeTmp'
Building CXX object CMakeFiles/cmTC_4706a.dir/HDF5CXXTests.cpp.o
/usr/bin/c++    -w -w -DOLD_HEADER_FILENAME  -DHAVE_SYS_TIME_H -DHAVE_UNISTD_H -DHAVE_SYS_TYPES_H -DHAVE_SYS_SOCKET_H -D_FILE_OFFSET_BITS=64 -D_LARGEFILE64_SOURCE -D_LARGEFILE_SOURCE   -o CMakeFiles/cmTC_4706a.dir/HDF5CXXTests.cpp.o -c /home/softkoo/pcl/python-pcl/VTK-7.1.1/ThirdParty/hdf5/vtkhdf5/config/cmake/HDF5CXXTests.cpp
Linking CXX executable cmTC_4706a
/usr/bin/cmake -E cmake_link_script CMakeFiles/cmTC_4706a.dir/link.txt --verbose=1
/usr/bin/c++    -w -w -DOLD_HEADER_FILENAME  -DHAVE_SYS_TIME_H -DHAVE_UNISTD_H -DHAVE_SYS_TYPES_H -DHAVE_SYS_SOCKET_H -D_FILE_OFFSET_BITS=64 -D_LARGEFILE64_SOURCE -D_LARGEFILE_SOURCE    -rdynamic CMakeFiles/cmTC_4706a.dir/HDF5CXXTests.cpp.o  -o cmTC_4706a -lm -ldl 
make[1]: Leaving directory '/home/softkoo/pcl/python-pcl/VTK-7.1.1/build/CMakeFiles/CMakeTmp'

Performing CXX Test H5_NO_NAMESPACE failed with the following output:
Change Dir: /home/softkoo/pcl/python-pcl/VTK-7.1.1/build/CMakeFiles/CMakeTmp

Run Build Command:"/usr/bin/make" "cmTC_53187/fast"
/usr/bin/make -f CMakeFiles/cmTC_53187.dir/build.make CMakeFiles/cmTC_53187.dir/build
make[1]: Entering directory '/home/softkoo/pcl/python-pcl/VTK-7.1.1/build/CMakeFiles/CMakeTmp'
Building CXX object CMakeFiles/cmTC_53187.dir/HDF5CXXTests.cpp.o
/usr/bin/c++    -w -w -DH5_NO_NAMESPACE  -DHAVE_SYS_TIME_H -DHAVE_UNISTD_H -DHAVE_SYS_TYPES_H -DHAVE_SYS_SOCKET_H -D_FILE_OFFSET_BITS=64 -D_LARGEFILE64_SOURCE -D_LARGEFILE_SOURCE   -o CMakeFiles/cmTC_53187.dir/HDF5CXXTests.cpp.o -c /home/softkoo/pcl/python-pcl/VTK-7.1.1/ThirdParty/hdf5/vtkhdf5/config/cmake/HDF5CXXTests.cpp
Linking CXX executable cmTC_53187
/usr/bin/cmake -E cmake_link_script CMakeFiles/cmTC_53187.dir/link.txt --verbose=1
/usr/bin/c++    -w -w -DH5_NO_NAMESPACE  -DHAVE_SYS_TIME_H -DHAVE_UNISTD_H -DHAVE_SYS_TYPES_H -DHAVE_SYS_SOCKET_H -D_FILE_OFFSET_BITS=64 -D_LARGEFILE64_SOURCE -D_LARGEFILE_SOURCE    -rdynamic CMakeFiles/cmTC_53187.dir/HDF5CXXTests.cpp.o  -o cmTC_53187 -lm -ldl 
make[1]: Leaving directory '/home/softkoo/pcl/python-pcl/VTK-7.1.1/build/CMakeFiles/CMakeTmp'

Performing CXX Test H5_NO_STD failed with the following output:
Change Dir: /home/softkoo/pcl/python-pcl/VTK-7.1.1/build/CMakeFiles/CMakeTmp

Run Build Command:"/usr/bin/make" "cmTC_4990b/fast"
/usr/bin/make -f CMakeFiles/cmTC_4990b.dir/build.make CMakeFiles/cmTC_4990b.dir/build
make[1]: Entering directory '/home/softkoo/pcl/python-pcl/VTK-7.1.1/build/CMakeFiles/CMakeTmp'
Building CXX object CMakeFiles/cmTC_4990b.dir/HDF5CXXTests.cpp.o
/usr/bin/c++    -w -w -DH5_NO_STD  -DHAVE_SYS_TIME_H -DHAVE_UNISTD_H -DHAVE_SYS_TYPES_H -DHAVE_SYS_SOCKET_H -D_FILE_OFFSET_BITS=64 -D_LARGEFILE64_SOURCE -D_LARGEFILE_SOURCE   -o CMakeFiles/cmTC_4990b.dir/HDF5CXXTests.cpp.o -c /home/softkoo/pcl/python-pcl/VTK-7.1.1/ThirdParty/hdf5/vtkhdf5/config/cmake/HDF5CXXTests.cpp
Linking CXX executable cmTC_4990b
/usr/bin/cmake -E cmake_link_script CMakeFiles/cmTC_4990b.dir/link.txt --verbose=1
/usr/bin/c++    -w -w -DH5_NO_STD  -DHAVE_SYS_TIME_H -DHAVE_UNISTD_H -DHAVE_SYS_TYPES_H -DHAVE_SYS_SOCKET_H -D_FILE_OFFSET_BITS=64 -D_LARGEFILE64_SOURCE -D_LARGEFILE_SOURCE    -rdynamic CMakeFiles/cmTC_4990b.dir/HDF5CXXTests.cpp.o  -o cmTC_4990b -lm -ldl 
make[1]: Leaving directory '/home/softkoo/pcl/python-pcl/VTK-7.1.1/build/CMakeFiles/CMakeTmp'

Performing CXX Test BOOL_NOTDEFINED failed with the following output:
Change Dir: /home/softkoo/pcl/python-pcl/VTK-7.1.1/build/CMakeFiles/CMakeTmp

Run Build Command:"/usr/bin/make" "cmTC_76902/fast"
/usr/bin/make -f CMakeFiles/cmTC_76902.dir/build.make CMakeFiles/cmTC_76902.dir/build
make[1]: Entering directory '/home/softkoo/pcl/python-pcl/VTK-7.1.1/build/CMakeFiles/CMakeTmp'
Building CXX object CMakeFiles/cmTC_76902.dir/HDF5CXXTests.cpp.o
/usr/bin/c++    -w -w -DBOOL_NOTDEFINED  -DHAVE_SYS_TIME_H -DHAVE_UNISTD_H -DHAVE_SYS_TYPES_H -DHAVE_SYS_SOCKET_H -D_FILE_OFFSET_BITS=64 -D_LARGEFILE64_SOURCE -D_LARGEFILE_SOURCE   -o CMakeFiles/cmTC_76902.dir/HDF5CXXTests.cpp.o -c /home/softkoo/pcl/python-pcl/VTK-7.1.1/ThirdParty/hdf5/vtkhdf5/config/cmake/HDF5CXXTests.cpp
Linking CXX executable cmTC_76902
/usr/bin/cmake -E cmake_link_script CMakeFiles/cmTC_76902.dir/link.txt --verbose=1
/usr/bin/c++    -w -w -DBOOL_NOTDEFINED  -DHAVE_SYS_TIME_H -DHAVE_UNISTD_H -DHAVE_SYS_TYPES_H -DHAVE_SYS_SOCKET_H -D_FILE_OFFSET_BITS=64 -D_LARGEFILE64_SOURCE -D_LARGEFILE_SOURCE    -rdynamic CMakeFiles/cmTC_76902.dir/HDF5CXXTests.cpp.o  -o cmTC_76902 -lm -ldl 
make[1]: Leaving directory '/home/softkoo/pcl/python-pcl/VTK-7.1.1/build/CMakeFiles/CMakeTmp'

Performing CXX Test NO_STATIC_CAST failed with the following output:
Change Dir: /home/softkoo/pcl/python-pcl/VTK-7.1.1/build/CMakeFiles/CMakeTmp

Run Build Command:"/usr/bin/make" "cmTC_e7e0d/fast"
/usr/bin/make -f CMakeFiles/cmTC_e7e0d.dir/build.make CMakeFiles/cmTC_e7e0d.dir/build
make[1]: Entering directory '/home/softkoo/pcl/python-pcl/VTK-7.1.1/build/CMakeFiles/CMakeTmp'
Building CXX object CMakeFiles/cmTC_e7e0d.dir/HDF5CXXTests.cpp.o
/usr/bin/c++    -w -w -DNO_STATIC_CAST  -DHAVE_SYS_TIME_H -DHAVE_UNISTD_H -DHAVE_SYS_TYPES_H -DHAVE_SYS_SOCKET_H -D_FILE_OFFSET_BITS=64 -D_LARGEFILE64_SOURCE -D_LARGEFILE_SOURCE   -o CMakeFiles/cmTC_e7e0d.dir/HDF5CXXTests.cpp.o -c /home/softkoo/pcl/python-pcl/VTK-7.1.1/ThirdParty/hdf5/vtkhdf5/config/cmake/HDF5CXXTests.cpp
Linking CXX executable cmTC_e7e0d
/usr/bin/cmake -E cmake_link_script CMakeFiles/cmTC_e7e0d.dir/link.txt --verbose=1
/usr/bin/c++    -w -w -DNO_STATIC_CAST  -DHAVE_SYS_TIME_H -DHAVE_UNISTD_H -DHAVE_SYS_TYPES_H -DHAVE_SYS_SOCKET_H -D_FILE_OFFSET_BITS=64 -D_LARGEFILE64_SOURCE -D_LARGEFILE_SOURCE    -rdynamic CMakeFiles/cmTC_e7e0d.dir/HDF5CXXTests.cpp.o  -o cmTC_e7e0d -lm -ldl 
make[1]: Leaving directory '/home/softkoo/pcl/python-pcl/VTK-7.1.1/build/CMakeFiles/CMakeTmp'

Test H5_FP_TO_ULLONG_RIGHT_MAXIMUM Run failed with the following output and exit code:
 Change Dir: /home/softkoo/pcl/python-pcl/VTK-7.1.1/build/ThirdParty/hdf5/vtkhdf5/CMake/CMakeFiles/CMakeTmp

Run Build Command:"/usr/bin/make" "cmTC_3e3ff/fast"
/usr/bin/make -f CMakeFiles/cmTC_3e3ff.dir/build.make CMakeFiles/cmTC_3e3ff.dir/build
make[1]: Entering directory '/home/softkoo/pcl/python-pcl/VTK-7.1.1/build/ThirdParty/hdf5/vtkhdf5/CMake/CMakeFiles/CMakeTmp'
Building C object CMakeFiles/cmTC_3e3ff.dir/ConversionTests.c.o
/usr/bin/cc   -w -w -DH5_FP_TO_ULLONG_RIGHT_MAXIMUM_TEST   -o CMakeFiles/cmTC_3e3ff.dir/ConversionTests.c.o   -c /home/softkoo/pcl/python-pcl/VTK-7.1.1/ThirdParty/hdf5/vtkhdf5/config/cmake/ConversionTests.c
Linking C executable cmTC_3e3ff
/usr/bin/cmake -E cmake_link_script CMakeFiles/cmTC_3e3ff.dir/link.txt --verbose=1
/usr/bin/cc   -w -w -DH5_FP_TO_ULLONG_RIGHT_MAXIMUM_TEST    -rdynamic CMakeFiles/cmTC_3e3ff.dir/ConversionTests.c.o  -o cmTC_3e3ff 
make[1]: Leaving directory '/home/softkoo/pcl/python-pcl/VTK-7.1.1/build/ThirdParty/hdf5/vtkhdf5/CMake/CMakeFiles/CMakeTmp'

